<?xml version="1.0" encoding="UTF-8"?>
<!-- Generated by org.testng.reporters.JUnitReportReporter -->
<testsuite hostname="TKSWS74" failures="0" tests="1" name="Partnerspace.T19_file_rightclick_download" time="4.084" errors="1" timestamp="2023-11-16T15:39:59 IST" skipped="0">
  <testcase classname="Partnerspace.T19_file_rightclick_download" name="s1_download_onfile" time="4.084">
    <error message="element click intercepted: Element &lt;input class=&quot;form-control&quot; id=&quot;login_password_txt&quot; type=&quot;password&quot; name=&quot;password&quot; placeholder=&quot;Password&quot;&gt; is not clickable at point (1124, 368). Other element would receive the click: &lt;iframe id=&quot;zap-hud-management&quot; src=&quot;https://zap//zapCallBackUrl/8705176426633276523/file/management.html?url=https://jrwtest.iqxora.com/&amp;amp;frameId=management&amp;amp;tabId=9386410-735&quot; scrolling=&quot;no&quot; title=&quot;Management Area&quot; sandbox=&quot;allow-storage-access-by-user-activation allow-scripts allow-same-origin allow-popups allow-forms allow-top-navigation&quot; style=&quot;position: fixed; right: 0px; bottom: 50px; width: 100%; height: 100%; border: medium none; overflow: hidden; z-index: 2147483647;&quot;&gt;&lt;/iframe&gt;
  (Session info: chrome=113.0.5672.126)
Build info: version: &#039;4.8.1&#039;, revision: &#039;8ebccac989&#039;
System info: os.name: &#039;Linux&#039;, os.arch: &#039;amd64&#039;, os.version: &#039;5.15.0-88-generic&#039;, java.version: &#039;17.0.5&#039;
Driver info: org.openqa.selenium.chrome.ChromeDriver
Command: [fc740ec619c05a1791e6f3d384446e92, clickElement {id=CCA93E921E0097FCFBF627CE073E0682_element_14}]
Capabilities {acceptInsecureCerts: false, browserName: chrome, browserVersion: 113.0.5672.126, chrome: {chromedriverVersion: 113.0.5672.63 (0e1a4471d5ae..., userDataDir: /tmp/.com.google.Chrome.h0Lz3C}, goog:chromeOptions: {debuggerAddress: localhost:43945}, networkConnectionEnabled: false, pageLoadStrategy: normal, platformName: LINUX, proxy: Proxy(manual, http=127.0.0...., se:cdp: ws://localhost:43945/devtoo..., se:cdpVersion: 113.0.5672.126, setWindowRect: true, strictFileInteractability: false, timeouts: {implicit: 0, pageLoad: 300000, script: 30000}, unhandledPromptBehavior: dismiss and notify, webauthn:extension:credBlob: true, webauthn:extension:largeBlob: true, webauthn:extension:minPinLength: true, webauthn:extension:prf: true, webauthn:virtualAuthenticators: true}
Element: [[ChromeDriver: chrome on LINUX (fc740ec619c05a1791e6f3d384446e92)] -&gt; css selector: div input[id=&quot;login_password_txt&quot;]]
Session ID: fc740ec619c05a1791e6f3d384446e92" type="org.openqa.selenium.ElementClickInterceptedException">
      <![CDATA[org.openqa.selenium.ElementClickInterceptedException: element click intercepted: Element <input class="form-control" id="login_password_txt" type="password" name="password" placeholder="Password"> is not clickable at point (1124, 368). Other element would receive the click: <iframe id="zap-hud-management" src="https://zap//zapCallBackUrl/8705176426633276523/file/management.html?url=https://jrwtest.iqxora.com/&amp;frameId=management&amp;tabId=9386410-735" scrolling="no" title="Management Area" sandbox="allow-storage-access-by-user-activation allow-scripts allow-same-origin allow-popups allow-forms allow-top-navigation" style="position: fixed; right: 0px; bottom: 50px; width: 100%; height: 100%; border: medium none; overflow: hidden; z-index: 2147483647;"></iframe>
  (Session info: chrome=113.0.5672.126)
Build info: version: '4.8.1', revision: '8ebccac989'
System info: os.name: 'Linux', os.arch: 'amd64', os.version: '5.15.0-88-generic', java.version: '17.0.5'
Driver info: org.openqa.selenium.chrome.ChromeDriver
Command: [fc740ec619c05a1791e6f3d384446e92, clickElement {id=CCA93E921E0097FCFBF627CE073E0682_element_14}]
Capabilities {acceptInsecureCerts: false, browserName: chrome, browserVersion: 113.0.5672.126, chrome: {chromedriverVersion: 113.0.5672.63 (0e1a4471d5ae..., userDataDir: /tmp/.com.google.Chrome.h0Lz3C}, goog:chromeOptions: {debuggerAddress: localhost:43945}, networkConnectionEnabled: false, pageLoadStrategy: normal, platformName: LINUX, proxy: Proxy(manual, http=127.0.0...., se:cdp: ws://localhost:43945/devtoo..., se:cdpVersion: 113.0.5672.126, setWindowRect: true, strictFileInteractability: false, timeouts: {implicit: 0, pageLoad: 300000, script: 30000}, unhandledPromptBehavior: dismiss and notify, webauthn:extension:credBlob: true, webauthn:extension:largeBlob: true, webauthn:extension:minPinLength: true, webauthn:extension:prf: true, webauthn:virtualAuthenticators: true}
Element: [[ChromeDriver: chrome on LINUX (fc740ec619c05a1791e6f3d384446e92)] -> css selector: div input[id="login_password_txt"]]
Session ID: fc740ec619c05a1791e6f3d384446e92
at java.base/jdk.internal.reflect.NativeConstructorAccessorImpl.newInstance0(Native Method)
at java.base/jdk.internal.reflect.NativeConstructorAccessorImpl.newInstance(NativeConstructorAccessorImpl.java:77)
at java.base/jdk.internal.reflect.DelegatingConstructorAccessorImpl.newInstance(DelegatingConstructorAccessorImpl.java:45)
at java.base/java.lang.reflect.Constructor.newInstanceWithCaller(Constructor.java:499)
at java.base/java.lang.reflect.Constructor.newInstance(Constructor.java:480)
at org.openqa.selenium.remote.codec.w3c.W3CHttpResponseCodec.createException(W3CHttpResponseCodec.java:200)
at org.openqa.selenium.remote.codec.w3c.W3CHttpResponseCodec.decode(W3CHttpResponseCodec.java:133)
at org.openqa.selenium.remote.codec.w3c.W3CHttpResponseCodec.decode(W3CHttpResponseCodec.java:53)
at org.openqa.selenium.remote.HttpCommandExecutor.execute(HttpCommandExecutor.java:184)
at org.openqa.selenium.remote.service.DriverCommandExecutor.invokeExecute(DriverCommandExecutor.java:167)
at org.openqa.selenium.remote.service.DriverCommandExecutor.execute(DriverCommandExecutor.java:142)
at org.openqa.selenium.remote.RemoteWebDriver.execute(RemoteWebDriver.java:543)
at org.openqa.selenium.remote.RemoteWebElement.execute(RemoteWebElement.java:257)
at org.openqa.selenium.remote.RemoteWebElement.click(RemoteWebElement.java:78)
at java.base/jdk.internal.reflect.NativeMethodAccessorImpl.invoke0(Native Method)
at java.base/jdk.internal.reflect.NativeMethodAccessorImpl.invoke(NativeMethodAccessorImpl.java:77)
at java.base/jdk.internal.reflect.DelegatingMethodAccessorImpl.invoke(DelegatingMethodAccessorImpl.java:43)
at java.base/java.lang.reflect.Method.invoke(Method.java:568)
at org.openqa.selenium.support.pagefactory.internal.LocatingElementHandler.invoke(LocatingElementHandler.java:52)
at jdk.proxy2/jdk.proxy2.$Proxy18.click(Unknown Source)
at Partnerspace.T19_file_rightclick_download.login_userui(T19_file_rightclick_download.java:22)
at Partnerspace.T19_file_rightclick_download.s1_download_onfile(T19_file_rightclick_download.java:28)
at java.base/jdk.internal.reflect.NativeMethodAccessorImpl.invoke0(Native Method)
at java.base/jdk.internal.reflect.NativeMethodAccessorImpl.invoke(NativeMethodAccessorImpl.java:77)
at java.base/jdk.internal.reflect.DelegatingMethodAccessorImpl.invoke(DelegatingMethodAccessorImpl.java:43)
at java.base/java.lang.reflect.Method.invoke(Method.java:568)
at org.testng.internal.MethodInvocationHelper.invokeMethod(MethodInvocationHelper.java:133)
at org.testng.internal.TestInvoker.invokeMethod(TestInvoker.java:598)
at org.testng.internal.TestInvoker.invokeTestMethod(TestInvoker.java:173)
at org.testng.internal.MethodRunner.runInSequence(MethodRunner.java:46)
at org.testng.internal.TestInvoker$MethodInvocationAgent.invoke(TestInvoker.java:824)
at org.testng.internal.TestInvoker.invokeTestMethods(TestInvoker.java:146)
at org.testng.internal.TestMethodWorker.invokeTestMethods(TestMethodWorker.java:146)
at org.testng.internal.TestMethodWorker.run(TestMethodWorker.java:128)
at java.base/java.util.ArrayList.forEach(ArrayList.java:1511)
at org.testng.TestRunner.privateRun(TestRunner.java:794)
at org.testng.TestRunner.run(TestRunner.java:596)
at org.testng.SuiteRunner.runTest(SuiteRunner.java:377)
at org.testng.SuiteRunner.runSequentially(SuiteRunner.java:371)
at org.testng.SuiteRunner.privateRun(SuiteRunner.java:332)
at org.testng.SuiteRunner.run(SuiteRunner.java:276)
at org.testng.SuiteRunnerWorker.runSuite(SuiteRunnerWorker.java:53)
at org.testng.SuiteRunnerWorker.run(SuiteRunnerWorker.java:96)
at org.testng.TestNG.runSuitesSequentially(TestNG.java:1212)
at org.testng.TestNG.runSuitesLocally(TestNG.java:1134)
at org.testng.TestNG.runSuites(TestNG.java:1063)
at org.testng.TestNG.run(TestNG.java:1031)
at org.testng.remote.AbstractRemoteTestNG.run(AbstractRemoteTestNG.java:115)
at org.testng.remote.RemoteTestNG.initAndRun(RemoteTestNG.java:251)
at org.testng.remote.RemoteTestNG.main(RemoteTestNG.java:77)
]]>
    </error>
  </testcase> <!-- s1_download_onfile -->
  <system-out/>
</testsuite> <!-- Partnerspace.T19_file_rightclick_download -->
