<?xml version="1.0" encoding="UTF-8"?>
<!-- Generated by org.testng.reporters.JUnitReportReporter -->
<testsuite hostname="TKSWS74" failures="0" tests="1" name="sharespace.T41_bookmark_folder_rightclick_createfolder" time="13.217" errors="0" timestamp="2025-04-30T16:18:18 IST" skipped="0">
  <testcase classname="sharespace.T41_bookmark_folder_rightclick_createfolder" name="s1_bookmark_createfolder" time="13.217"/>
  <system-out/>
</testsuite> <!-- sharespace.T41_bookmark_folder_rightclick_createfolder -->
