<?xml version="1.0" encoding="UTF-8"?>
<!-- Generated by org.testng.reporters.JUnitReportReporter -->
<testsuite hostname="TKSWS74" failures="0" tests="1" name="Testcase.Partnerspace.T1_partnerspace_verify_isopen" time="8.757" errors="0" timestamp="2023-08-17T10:56:44 IST" skipped="0">
  <testcase classname="Testcase.Partnerspace.T1_partnerspace_verify_isopen" name="s1_partnerspace_verify_isopen" time="8.757"/>
  <system-out/>
</testsuite> <!-- Testcase.Partnerspace.T1_partnerspace_verify_isopen -->
