<?xml version="1.0" encoding="UTF-8"?>
<!-- Generated by org.testng.reporters.JUnitReportReporter -->
<testsuite hostname="TKSWS74" failures="0" tests="1" name="Partnerspace.T13_partnerspace_folder_rightclick_selectdelete" time="27.803" errors="0" timestamp="2023-08-25T14:41:04 IST" skipped="0">
  <testcase classname="Partnerspace.T13_partnerspace_folder_rightclick_selectdelete" name="s1_deletefolder_onfolderdropdown" time="27.803"/>
  <system-out/>
</testsuite> <!-- Partnerspace.T13_partnerspace_folder_rightclick_selectdelete -->
