<?xml version="1.0" encoding="UTF-8"?>
<!-- Generated by org.testng.reporters.JUnitReportReporter -->
<testsuite hostname="TKSWS74" failures="0" tests="1" name="Testcase.Projectspace.T6_uploadfile_onfilewithmetadata" time="18.385" errors="0" timestamp="2023-08-23T14:37:01 IST" skipped="0">
  <testcase classname="Testcase.Projectspace.T6_uploadfile_onfilewithmetadata" name="s1_uploadfile_onfilewithmetadata" time="18.385"/>
  <system-out/>
</testsuite> <!-- Testcase.Projectspace.T6_uploadfile_onfilewithmetadata -->
