<?xml version="1.0" encoding="UTF-8"?>
<!-- Generated by org.testng.reporters.JUnitReportReporter -->
<testsuite hostname="TKSWS74" failures="0" tests="1" name="Testcase.sharespace.T30_activitylog_checkbox_isenable_onfile" time="10.796" errors="0" timestamp="2023-08-24T21:36:31 IST" skipped="0">
  <testcase classname="Testcase.sharespace.T30_activitylog_checkbox_isenable_onfile" name="s1_activitylog_checkbox_isenable_onfile" time="10.796"/>
  <system-out/>
</testsuite> <!-- Testcase.sharespace.T30_activitylog_checkbox_isenable_onfile -->
