<?xml version="1.0" encoding="UTF-8"?>
<!-- Generated by org.testng.reporters.JUnitReportReporter -->
<testsuite hostname="TKSWS74" failures="0" tests="1" name="Testcase.Projectspace.T67_bookmark_file_lockandunlock" time="24.156" errors="0" timestamp="2023-08-23T15:05:55 IST" skipped="0">
  <testcase classname="Testcase.Projectspace.T67_bookmark_file_lockandunlock" name="s1_bookmark_file_lockandunlock" time="24.156"/>
  <system-out/>
</testsuite> <!-- Testcase.Projectspace.T67_bookmark_file_lockandunlock -->
