<?xml version="1.0" encoding="UTF-8"?>
<!-- Generated by org.testng.reporters.JUnitReportReporter -->
<testsuite hostname="TKSWS74" failures="0" tests="1" name="Testcase.T29_verify_actionbuttonclick_detaildisplay_onfile" time="20.238" errors="0" timestamp="2023-03-02T18:45:44 IST" skipped="0">
  <testcase classname="Testcase.T29_verify_actionbuttonclick_detaildisplay_onfile" name="s1_verify_actionbuttonclick_detaildisplay_onfile" time="20.238"/>
  <system-out/>
</testsuite> <!-- Testcase.T29_verify_actionbuttonclick_detaildisplay_onfile -->
