<?xml version="1.0" encoding="UTF-8"?>
<!-- Generated by org.testng.reporters.JUnitReportReporter -->
<testsuite hostname="TKSWS74" failures="0" tests="1" name="Testcase.T30_verify_download_onactivitylog_infile" time="19.092" errors="0" timestamp="2023-03-02T18:47:20 IST" skipped="0">
  <testcase classname="Testcase.T30_verify_download_onactivitylog_infile" name="s1_verify_download_onactivitylog_infile" time="19.092"/>
  <system-out/>
</testsuite> <!-- Testcase.T30_verify_download_onactivitylog_infile -->
