<?xml version="1.0" encoding="UTF-8"?>
<!-- Generated by org.testng.reporters.JUnitReportReporter -->
<testsuite hostname="TKSWS74" failures="0" tests="1" name="sharespace.T40_bookmark_folder_rightclick_uploadfile" time="12.919" errors="0" timestamp="2025-04-30T16:18:18 IST" skipped="0">
  <testcase classname="sharespace.T40_bookmark_folder_rightclick_uploadfile" name="s1_bookmark_uploadfile" time="12.919"/>
  <system-out/>
</testsuite> <!-- sharespace.T40_bookmark_folder_rightclick_uploadfile -->
