<?xml version="1.0" encoding="UTF-8"?>
<!-- Generated by org.testng.reporters.JUnitReportReporter -->
<testsuite hostname="TKSWS74" failures="0" tests="1" name="Projectspace.T42_bookmark_folder_rightclick_uploadfile" time="12.138" errors="0" timestamp="2025-04-30T13:53:28 IST" skipped="0">
  <testcase classname="Projectspace.T42_bookmark_folder_rightclick_uploadfile" name="s1_bookmark_uploadfile" time="12.138"/>
  <system-out/>
</testsuite> <!-- Projectspace.T42_bookmark_folder_rightclick_uploadfile -->
