<?xml version="1.0" encoding="UTF-8"?>
<!-- Generated by org.testng.reporters.JUnitReportReporter -->
<testsuite hostname="TKSWS74" failures="0" tests="1" name="Partnerspace.T21_file_rightclick_sendto_sendtomyfiles" time="16.517" errors="0" timestamp="2023-09-07T11:05:41 IST" skipped="0">
  <testcase classname="Partnerspace.T21_file_rightclick_sendto_sendtomyfiles" name="s1_sendto_myfiles_onfile" time="16.517"/>
  <system-out/>
</testsuite> <!-- Partnerspace.T21_file_rightclick_sendto_sendtomyfiles -->
