<?xml version="1.0" encoding="UTF-8"?>
<!-- Generated by org.testng.reporters.JUnitReportReporter -->
<testsuite hostname="TKSWS74" failures="0" tests="1" name="Partnerspace.T9_partnerspace_folder_rightclick_selectcreatefolder" time="18.877" errors="0" timestamp="2023-08-25T14:41:04 IST" skipped="0">
  <testcase classname="Partnerspace.T9_partnerspace_folder_rightclick_selectcreatefolder" name="s1_createfolder_onfolderdropdown" time="18.877"/>
  <system-out/>
</testsuite> <!-- Partnerspace.T9_partnerspace_folder_rightclick_selectcreatefolder -->
