<?xml version="1.0" encoding="UTF-8"?>
<!-- Generated by org.testng.reporters.JUnitReportReporter -->
<testsuite hostname="TKSWS74" failures="0" tests="1" name="sharespace.T3_uploadfile_using_uploadbutton_toprightcorner" time="10.041" errors="0" timestamp="2025-04-22T16:26:39 IST" skipped="0">
  <testcase classname="sharespace.T3_uploadfile_using_uploadbutton_toprightcorner" name="s1_uploadfile_using_uploadbutton" time="10.041"/>
  <system-out/>
</testsuite> <!-- sharespace.T3_uploadfile_using_uploadbutton_toprightcorner -->
