<?xml version="1.0" encoding="UTF-8"?>
<!-- Generated by org.testng.reporters.JUnitReportReporter -->
<testsuite hostname="TKSWS74" failures="0" tests="1" name="Partnerspace.T51_recyclepin_folder_rightclick_delete" time="10.329" errors="0" timestamp="2023-11-07T14:50:05 IST" skipped="0">
  <testcase classname="Partnerspace.T51_recyclepin_folder_rightclick_delete" name="s1_recyclepin_delete" time="10.329"/>
  <system-out/>
</testsuite> <!-- Partnerspace.T51_recyclepin_folder_rightclick_delete -->
