<?xml version="1.0" encoding="UTF-8"?>
<!-- Generated by org.testng.reporters.JUnitReportReporter -->
<testsuite hostname="TKSWS74" failures="0" tests="1" name="Testcase.myfile.T7_createfolder_usingdropdown_onfolder_myfile" time="15.725" errors="0" timestamp="2023-08-24T21:36:31 IST" skipped="0">
  <testcase classname="Testcase.myfile.T7_createfolder_usingdropdown_onfolder_myfile" name="s1_createfolder_usingdropdown_onfolder_myfile" time="15.725"/>
  <system-out/>
</testsuite> <!-- Testcase.myfile.T7_createfolder_usingdropdown_onfolder_myfile -->
