<?xml version="1.0" encoding="UTF-8"?>
<!-- Generated by org.testng.reporters.JUnitReportReporter -->
<testsuite hostname="TKSWS74" failures="0" tests="1" name="Testcase.T6_uploadfile_usingdropdown_onfolder_myfiles" time="20.398" errors="0" timestamp="2023-03-02T15:22:56 IST" skipped="0">
  <testcase classname="Testcase.T6_uploadfile_usingdropdown_onfolder_myfiles" name="s1_uploadfile_usingdropdown_onfolder_myfiles" time="20.398"/>
  <system-out/>
</testsuite> <!-- Testcase.T6_uploadfile_usingdropdown_onfolder_myfiles -->
