<?xml version="1.0" encoding="UTF-8"?>
<!-- Generated by org.testng.reporters.JUnitReportReporter -->
<testsuite hostname="TKSWS74" failures="0" tests="1" name="sharespace.T3_uploadfile_using_uploadbutton_toprightcorner" time="12.736" errors="0" timestamp="2025-04-30T16:18:18 IST" skipped="0">
  <testcase classname="sharespace.T3_uploadfile_using_uploadbutton_toprightcorner" name="s1_uploadfile_using_uploadbutton" time="12.736"/>
  <system-out/>
</testsuite> <!-- sharespace.T3_uploadfile_using_uploadbutton_toprightcorner -->
