<?xml version="1.0" encoding="UTF-8"?>
<!-- Generated by org.testng.reporters.JUnitReportReporter -->
<testsuite hostname="TKSWS74" failures="0" tests="1" name="testcase.sharespace.T16_activitylog_verify_download" time="25.564" errors="0" timestamp="2023-04-03T14:58:47 IST" skipped="0">
  <testcase classname="testcase.sharespace.T16_activitylog_verify_download" name="s1_activitylog_verify_download" time="25.564"/>
  <system-out/>
</testsuite> <!-- testcase.sharespace.T16_activitylog_verify_download -->
