<?xml version="1.0" encoding="UTF-8"?>
<!-- Generated by org.testng.reporters.JUnitReportReporter -->
<testsuite hostname="TKSWS74" failures="0" tests="1" name="Testcase.Department.T12_share_usingdropdown_onfolder" time="18.151" errors="0" timestamp="2023-08-24T21:36:32 IST" skipped="0">
  <testcase classname="Testcase.Department.T12_share_usingdropdown_onfolder" name="s1_share_usingdropdown_onfolder" time="18.151"/>
  <system-out/>
</testsuite> <!-- Testcase.Department.T12_share_usingdropdown_onfolder -->
