<?xml version="1.0" encoding="UTF-8"?>
<!-- Generated by org.testng.reporters.JUnitReportReporter -->
<testsuite hostname="TKSWS74" failures="0" tests="1" name="myfile.T27_file_rightclick_fileactivitylog_actionbutton_isselected" time="18.588" errors="0" timestamp="2025-01-28T15:46:00 IST" skipped="0">
  <testcase classname="myfile.T27_file_rightclick_fileactivitylog_actionbutton_isselected" name="s1_verify_activitylog_actionbutton_isselected_onfile" time="18.588"/>
  <system-out/>
</testsuite> <!-- myfile.T27_file_rightclick_fileactivitylog_actionbutton_isselected -->
