<?xml version="1.0" encoding="UTF-8"?>
<!-- Generated by org.testng.reporters.JUnitReportReporter -->
<testsuite hostname="TKSWS74" failures="0" tests="1" name="myfile.T28_file_rightclick_fileactivitylog_clearactionbutton_isdisplayed" time="15.827" errors="0" timestamp="2025-01-28T16:51:02 IST" skipped="0">
  <testcase classname="myfile.T28_file_rightclick_fileactivitylog_clearactionbutton_isdisplayed" name="s1_verifyactivitylog_clearactionbutton_isdisplayed_onfile" time="15.827"/>
  <system-out/>
</testsuite> <!-- myfile.T28_file_rightclick_fileactivitylog_clearactionbutton_isdisplayed -->
