<?xml version="1.0" encoding="UTF-8"?>
<!-- Generated by org.testng.reporters.JUnitReportReporter -->
<testsuite hostname="TKSWS74" failures="0" tests="1" name="Testcase.myfile.T3_createfolder_usingcreatebutton_on_myfile" time="13.294" errors="0" timestamp="2023-08-24T21:36:32 IST" skipped="0">
  <testcase classname="Testcase.myfile.T3_createfolder_usingcreatebutton_on_myfile" name="s1_createfolder_usingcreatebutton_on_myfile" time="13.294"/>
  <system-out/>
</testsuite> <!-- Testcase.myfile.T3_createfolder_usingcreatebutton_on_myfile -->
