<?xml version="1.0" encoding="UTF-8"?>
<!-- Generated by org.testng.reporters.JUnitReportReporter -->
<testsuite hostname="TKSWS74" failures="0" tests="1" name="sharespace.T4_upload_filemetadata_using_uploadbutton_toprightcorner" time="13.664" errors="0" timestamp="2025-04-28T10:22:44 IST" skipped="0">
  <testcase classname="sharespace.T4_upload_filemetadata_using_uploadbutton_toprightcorner" name="s1_uploadfilemetadata_usinguploadbutton" time="13.664"/>
  <system-out/>
</testsuite> <!-- sharespace.T4_upload_filemetadata_using_uploadbutton_toprightcorner -->
