<?xml version="1.0" encoding="UTF-8"?>
<!-- Generated by org.testng.reporters.JUnitReportReporter -->
<testsuite hostname="TKSWS74" failures="0" tests="1" name="myfile.T33_file_rightclick_sendto_sendtopartner" time="17.455" errors="0" timestamp="2025-01-29T09:30:49 IST" skipped="0">
  <testcase classname="myfile.T33_file_rightclick_sendto_sendtopartner" name="s1_verify_sendto_partnerproject_onfile" time="17.455"/>
  <system-out/>
</testsuite> <!-- myfile.T33_file_rightclick_sendto_sendtopartner -->
