<?xml version="1.0" encoding="UTF-8"?>
<!-- Generated by org.testng.reporters.JUnitReportReporter -->
<testsuite hostname="TKSWS74" failures="0" tests="1" name="Projectspace.T21_file_rightclick_sendto_sendtomyfiles" time="18.499" errors="0" timestamp="2025-04-30T14:58:33 IST" skipped="0">
  <testcase classname="Projectspace.T21_file_rightclick_sendto_sendtomyfiles" name="s1_sendto_myfiles_onfile" time="18.499"/>
  <system-out/>
</testsuite> <!-- Projectspace.T21_file_rightclick_sendto_sendtomyfiles -->
