<?xml version="1.0" encoding="UTF-8"?>
<!-- Generated by org.testng.reporters.JUnitReportReporter -->
<testsuite hostname="TKSWS74" failures="0" tests="1" name="myfile.T3_create_folder_using_createbutton_toprightcorner" time="12.928" errors="0" timestamp="2025-01-06T14:49:40 IST" skipped="0">
  <testcase classname="myfile.T3_create_folder_using_createbutton_toprightcorner" name="s1_createfolder_usingcreatebutton_on_myfile" time="12.928"/>
  <system-out/>
</testsuite> <!-- myfile.T3_create_folder_using_createbutton_toprightcorner -->
