<?xml version="1.0" encoding="UTF-8"?>
<!-- Generated by org.testng.reporters.JUnitReportReporter -->
<testsuite hostname="TKSWS74" failures="0" tests="1" name="sharespace.T2_create_folder_using_createbutton_toprightcorner" time="14.768" errors="0" timestamp="2025-04-30T16:18:18 IST" skipped="0">
  <testcase classname="sharespace.T2_create_folder_using_createbutton_toprightcorner" name="s1_create_folder_using_createbutton" time="14.768"/>
  <system-out/>
</testsuite> <!-- sharespace.T2_create_folder_using_createbutton_toprightcorner -->
