<?xml version="1.0" encoding="UTF-8"?>
<!-- Generated by org.testng.reporters.JUnitReportReporter -->
<testsuite hostname="TKSWS74" failures="0" tests="1" name="myfile.T30_file_rightclick_fileactivitylog_download" time="16.179" errors="0" timestamp="2025-01-28T16:52:08 IST" skipped="0">
  <testcase classname="myfile.T30_file_rightclick_fileactivitylog_download" name="s1_verify_download_onactivitylog_infile" time="16.179"/>
  <system-out/>
</testsuite> <!-- myfile.T30_file_rightclick_fileactivitylog_download -->
