<?xml version="1.0" encoding="UTF-8"?>
<!-- Generated by org.testng.reporters.JUnitReportReporter -->
<testsuite hostname="TKSWS74" failures="0" tests="1" name="Testcase.myfile.T28_verifyactivitylog_clearactionbutton_isdisplayed_onfile" time="15.060" errors="0" timestamp="2023-08-24T21:36:31 IST" skipped="0">
  <testcase classname="Testcase.myfile.T28_verifyactivitylog_clearactionbutton_isdisplayed_onfile" name="s1_verifyactivitylog_clearactionbutton_isdisplayed_onfile" time="15.060"/>
  <system-out/>
</testsuite> <!-- Testcase.myfile.T28_verifyactivitylog_clearactionbutton_isdisplayed_onfile -->
