<?xml version="1.0" encoding="UTF-8"?>
<!-- Generated by org.testng.reporters.JUnitReportReporter -->
<testsuite hostname="TKSWS74" failures="0" tests="1" name="Testcase.Department.T31_activitylog_checkbox_isenable_onfile" time="12.174" errors="0" timestamp="2023-08-24T21:36:30 IST" skipped="0">
  <testcase classname="Testcase.Department.T31_activitylog_checkbox_isenable_onfile" name="s1_activitylog_checkbox_isenable_onfile" time="12.174"/>
  <system-out/>
</testsuite> <!-- Testcase.Department.T31_activitylog_checkbox_isenable_onfile -->
