<?xml version="1.0" encoding="UTF-8"?>
<!-- Generated by org.testng.reporters.JUnitReportReporter -->
<testsuite hostname="TKSWS74" failures="0" tests="1" name="Partnerspace.T6_upload_filewithmetadata_using_uploadbutton_ontoprightcorner" time="10.896" errors="0" timestamp="2023-11-07T14:50:05 IST" skipped="0">
  <testcase classname="Partnerspace.T6_upload_filewithmetadata_using_uploadbutton_ontoprightcorner" name="s1_uploadfile_onfilewithmetadata" time="10.896"/>
  <system-out/>
</testsuite> <!-- Partnerspace.T6_upload_filewithmetadata_using_uploadbutton_ontoprightcorner -->
