<?xml version="1.0" encoding="UTF-8"?>
<!-- Generated by org.testng.reporters.JUnitReportReporter -->
<testsuite hostname="TKSWS74" failures="0" tests="1" name="Partnerspace.T60_bookmark_file_rightclick_sendto_sendtodepartment" time="12.488" errors="0" timestamp="2023-09-07T11:05:40 IST" skipped="0">
  <testcase classname="Partnerspace.T60_bookmark_file_rightclick_sendto_sendtodepartment" name="s1_bookmark_file_sendtodepartment" time="12.488"/>
  <system-out/>
</testsuite> <!-- Partnerspace.T60_bookmark_file_rightclick_sendto_sendtodepartment -->
