<?xml version="1.0" encoding="UTF-8"?>
<!-- Generated by org.testng.reporters.JUnitReportReporter -->
<testsuite hostname="TKSWS74" failures="0" tests="1" name="Testcase.sharespace.T6_uploadfile_usingdropdown_folder" time="9.133" errors="0" timestamp="2023-08-24T21:36:31 IST" skipped="0">
  <testcase classname="Testcase.sharespace.T6_uploadfile_usingdropdown_folder" name="s1_uploadfile_usingdropdown_folder" time="9.133"/>
  <system-out/>
</testsuite> <!-- Testcase.sharespace.T6_uploadfile_usingdropdown_folder -->
