<?xml version="1.0" encoding="UTF-8"?>
<!-- Generated by org.testng.reporters.JUnitReportReporter -->
<testsuite hostname="TKSWS74" failures="0" tests="1" name="Projectspace.T25_file_rightclick_sendto_sendtosharespace" time="19.333" errors="0" timestamp="2025-04-30T14:58:33 IST" skipped="0">
  <testcase classname="Projectspace.T25_file_rightclick_sendto_sendtosharespace" name="s1_sendto_sharespace_onfile" time="19.333"/>
  <system-out/>
</testsuite> <!-- Projectspace.T25_file_rightclick_sendto_sendtosharespace -->
