<?xml version="1.0" encoding="UTF-8"?>
<!-- Generated by org.testng.reporters.JUnitReportReporter -->
<testsuite hostname="TKSWS74" failures="0" tests="1" name="Partnerspace.T33_file_rightclick_fileactivitylog_clear_verifitycheckbox_isenable" time="20.343" errors="0" timestamp="2025-04-21T16:31:33 IST" skipped="0">
  <testcase classname="Partnerspace.T33_file_rightclick_fileactivitylog_clear_verifitycheckbox_isenable" name="s1_fileactivitylog_clear_verifitycheckbox_isenable" time="20.343"/>
  <system-out/>
</testsuite> <!-- Partnerspace.T33_file_rightclick_fileactivitylog_clear_verifitycheckbox_isenable -->
