<?xml version="1.0" encoding="UTF-8"?>
<!-- Generated by org.testng.reporters.JUnitReportReporter -->
<testsuite hostname="TKSWS74" failures="0" tests="1" name="Partnerspace.T25_file_rightclick_sendto_sendtosharespace" time="18.685" errors="0" timestamp="2025-04-21T12:18:20 IST" skipped="0">
  <testcase classname="Partnerspace.T25_file_rightclick_sendto_sendtosharespace" name="s1_sendto_sharespace_onfile" time="18.685"/>
  <system-out/>
</testsuite> <!-- Partnerspace.T25_file_rightclick_sendto_sendtosharespace -->
