<?xml version="1.0" encoding="UTF-8"?>
<!-- Generated by org.testng.reporters.JUnitReportReporter -->
<testsuite hostname="TKSWS74" failures="0" tests="1" name="Projectspace.T58_bookmark_file_rightclick_sendto_sendtomyfile" time="14.278" errors="0" timestamp="2025-04-30T15:03:18 IST" skipped="0">
  <testcase classname="Projectspace.T58_bookmark_file_rightclick_sendto_sendtomyfile" name="s1_bookmark_file_sendtomyfile" time="14.278"/>
  <system-out/>
</testsuite> <!-- Projectspace.T58_bookmark_file_rightclick_sendto_sendtomyfile -->
