<?xml version="1.0" encoding="UTF-8"?>
<!-- Generated by org.testng.reporters.JUnitReportReporter -->
<testsuite hostname="TKSWS74" failures="0" tests="1" name="Testcase.Department.T32_activitylog_clickclear_verifyactionbutton_isdisenable" time="12.604" errors="0" timestamp="2023-08-24T21:36:31 IST" skipped="0">
  <testcase classname="Testcase.Department.T32_activitylog_clickclear_verifyactionbutton_isdisenable" name="s1_activitylog_clickclear_verifyactionbutton_isdisenable" time="12.604"/>
  <system-out/>
</testsuite> <!-- Testcase.Department.T32_activitylog_clickclear_verifyactionbutton_isdisenable -->
