<?xml version="1.0" encoding="UTF-8"?>
<!-- Generated by org.testng.reporters.JUnitReportReporter -->
<testsuite hostname="TKSWS74" failures="0" tests="1" name="Partnerspace.T42_bookmark_folder_rightclick_uploadfile" time="11.522" errors="0" timestamp="2023-11-07T14:50:05 IST" skipped="0">
  <testcase classname="Partnerspace.T42_bookmark_folder_rightclick_uploadfile" name="s1_bookmark_uploadfile" time="11.522"/>
  <system-out/>
</testsuite> <!-- Partnerspace.T42_bookmark_folder_rightclick_uploadfile -->
