<?xml version="1.0" encoding="UTF-8"?>
<!-- Generated by org.testng.reporters.JUnitReportReporter -->
<testsuite hostname="TKSWS74" failures="0" tests="1" name="Partnerspace.T8_partnerspace_folder_rightclick_selectuploadfile" time="18.840" errors="0" timestamp="2023-08-25T14:41:04 IST" skipped="0">
  <testcase classname="Partnerspace.T8_partnerspace_folder_rightclick_selectuploadfile" name="s1_uploadfile_onfolderdropdown" time="18.840"/>
  <system-out/>
</testsuite> <!-- Partnerspace.T8_partnerspace_folder_rightclick_selectuploadfile -->
