<?xml version="1.0" encoding="UTF-8"?>
<!-- Generated by org.testng.reporters.JUnitReportReporter -->
<testsuite hostname="TKSWS74" failures="0" tests="1" name="testcase.sharespace.T2_create_folder_using_createbutton" time="14.607" errors="0" timestamp="2023-03-31T11:15:02 IST" skipped="0">
  <testcase classname="testcase.sharespace.T2_create_folder_using_createbutton" name="s1_create_folder_using_createbutton" time="14.607"/>
  <system-out/>
</testsuite> <!-- testcase.sharespace.T2_create_folder_using_createbutton -->
