<?xml version="1.0" encoding="UTF-8"?>
<!-- Generated by org.testng.reporters.JUnitReportReporter -->
<testsuite hostname="TKSWS74" failures="0" tests="1" name="Projectspace.T15_folder_rightclick_folderactivitylog_verify_textbox_isenable" time="15.935" errors="0" timestamp="2025-04-30T13:53:28 IST" skipped="0">
  <testcase classname="Projectspace.T15_folder_rightclick_folderactivitylog_verify_textbox_isenable" name="s1_folderactivitylog_verify_textbox_isenable" time="15.935"/>
  <system-out/>
</testsuite> <!-- Projectspace.T15_folder_rightclick_folderactivitylog_verify_textbox_isenable -->
