<?xml version="1.0" encoding="UTF-8"?>
<!-- Generated by org.testng.reporters.JUnitReportReporter -->
<testsuite hostname="TKSWS74" failures="0" tests="1" name="Testcase.T28_verifyactivitylog_clearactionbutton_isdisplayed_onfile" time="18.811" errors="0" timestamp="2023-03-02T18:44:24 IST" skipped="0">
  <testcase classname="Testcase.T28_verifyactivitylog_clearactionbutton_isdisplayed_onfile" name="s1_verifyactivitylog_clearactionbutton_isdisplayed_onfile" time="18.811"/>
  <system-out/>
</testsuite> <!-- Testcase.T28_verifyactivitylog_clearactionbutton_isdisplayed_onfile -->
