<?xml version="1.0" encoding="UTF-8"?>
<!-- Generated by org.testng.reporters.JUnitReportReporter -->
<testsuite hostname="TKSWS74" failures="0" tests="1" name="Testcase.sharespace.T12_share_usingdropdown_onfolder" time="20.770" errors="0" timestamp="2023-08-24T21:36:31 IST" skipped="0">
  <testcase classname="Testcase.sharespace.T12_share_usingdropdown_onfolder" name="s1_share_usingdropdown_onfolder" time="20.770"/>
  <system-out/>
</testsuite> <!-- Testcase.sharespace.T12_share_usingdropdown_onfolder -->
