<?xml version="1.0" encoding="UTF-8"?>
<!-- Generated by org.testng.reporters.JUnitReportReporter -->
<testsuite hostname="TKSWS74" failures="0" tests="1" name="myfile.T29_file_rightclick_fileactivitylog_actionbuttonclick_detaildisplay" time="17.695" errors="0" timestamp="2025-01-28T16:51:32 IST" skipped="0">
  <testcase classname="myfile.T29_file_rightclick_fileactivitylog_actionbuttonclick_detaildisplay" name="s1_verify_actionbuttonclick_detaildisplay_onfile" time="17.695"/>
  <system-out/>
</testsuite> <!-- myfile.T29_file_rightclick_fileactivitylog_actionbuttonclick_detaildisplay -->
