<?xml version="1.0" encoding="UTF-8"?>
<!-- Generated by org.testng.reporters.JUnitReportReporter -->
<testsuite hostname="TKSWS74" failures="0" tests="1" name="Partnerspace.T4_createfolder_using_createbutton_ontoprightcorner" time="11.283" errors="0" timestamp="2023-11-07T14:50:05 IST" skipped="0">
  <testcase classname="Partnerspace.T4_createfolder_using_createbutton_ontoprightcorner" name="s1_createfolder" time="11.283"/>
  <system-out/>
</testsuite> <!-- Partnerspace.T4_createfolder_using_createbutton_ontoprightcorner -->
