<?xml version="1.0" encoding="UTF-8"?>
<!-- Generated by org.testng.reporters.JUnitReportReporter -->
<testsuite hostname="TKSWS74" failures="0" tests="1" name="Partnerspace.T42_bookmark_folder_rightclick_uploadfile" time="13.767" errors="0" timestamp="2025-04-21T16:43:37 IST" skipped="0">
  <testcase classname="Partnerspace.T42_bookmark_folder_rightclick_uploadfile" name="s1_bookmark_uploadfile" time="13.767"/>
  <system-out/>
</testsuite> <!-- Partnerspace.T42_bookmark_folder_rightclick_uploadfile -->
