<?xml version="1.0" encoding="UTF-8"?>
<!-- Generated by org.testng.reporters.JUnitReportReporter -->
<testsuite hostname="TKSWS74" failures="0" tests="1" name="Projectspace.T33_file_rightclick_fileactivitylog_clear_verifitycheckbox_isenable" time="18.238" errors="0" timestamp="2025-04-30T14:58:33 IST" skipped="0">
  <testcase classname="Projectspace.T33_file_rightclick_fileactivitylog_clear_verifitycheckbox_isenable" name="s1_fileactivitylog_clear_verifycheckbox_isenable" time="18.238"/>
  <system-out/>
</testsuite> <!-- Projectspace.T33_file_rightclick_fileactivitylog_clear_verifitycheckbox_isenable -->
