<?xml version="1.0" encoding="UTF-8"?>
<!-- Generated by org.testng.reporters.JUnitReportReporter -->
<testsuite hostname="TKSWS74" failures="0" tests="1" name="myfile.T13_folder_rightclick_folderactivitylog_open_verifyactionbutton_isenable" time="14.033" errors="0" timestamp="2025-01-27T14:54:48 IST" skipped="0">
  <testcase classname="myfile.T13_folder_rightclick_folderactivitylog_open_verifyactionbutton_isenable" name="s1_folderactivitylog_open_verifyactionbutton_isenable" time="14.033"/>
  <system-out/>
</testsuite> <!-- myfile.T13_folder_rightclick_folderactivitylog_open_verifyactionbutton_isenable -->
