<?xml version="1.0" encoding="UTF-8"?>
<!-- Generated by org.testng.reporters.JUnitReportReporter -->
<testsuite hostname="TKSWS74" failures="0" tests="1" name="Testcase.Projectspace.T1_partnerspace_verify_isopen" time="21.113" errors="0" timestamp="2023-08-23T09:39:38 IST" skipped="0">
  <testcase classname="Testcase.Projectspace.T1_partnerspace_verify_isopen" name="s1_partnerspace_verify_isopen" time="21.113"/>
  <system-out/>
</testsuite> <!-- Testcase.Projectspace.T1_partnerspace_verify_isopen -->
