<?xml version="1.0" encoding="UTF-8"?>
<!-- Generated by org.testng.reporters.JUnitReportReporter -->
<testsuite hostname="TKSWS74" failures="0" tests="1" name="Partnerspace.T51_recyclepin_folder_rightclick_delete" time="13.911" errors="0" timestamp="2025-04-21T16:50:21 IST" skipped="0">
  <testcase classname="Partnerspace.T51_recyclepin_folder_rightclick_delete" name="s1_recyclepin_delete" time="13.911"/>
  <system-out/>
</testsuite> <!-- Partnerspace.T51_recyclepin_folder_rightclick_delete -->
