<?xml version="1.0" encoding="UTF-8"?>
<!-- Generated by org.testng.reporters.JUnitReportReporter -->
<testsuite hostname="TKSWS74" failures="0" tests="1" name="myfile.T14_folder_rightclick_folderactivitylog_open_clickclear_verifyactionbutton_isdisenable" time="13.178" errors="0" timestamp="2025-01-27T14:55:16 IST" skipped="0">
  <testcase classname="myfile.T14_folder_rightclick_folderactivitylog_open_clickclear_verifyactionbutton_isdisenable" name="s1_activitylog_clickclear_verifyactionbutton_isdisenable" time="13.178"/>
  <system-out/>
</testsuite> <!-- myfile.T14_folder_rightclick_folderactivitylog_open_clickclear_verifyactionbutton_isdisenable -->
