<?xml version="1.0" encoding="UTF-8"?>
<!-- Generated by org.testng.reporters.JUnitReportReporter -->
<testsuite hostname="TKSWS74" failures="0" tests="1" name="Testcase.Partnerspace.T67_bookmark_file_checkoutandundocheckout" time="24.206" errors="0" timestamp="2023-08-17T10:56:44 IST" skipped="0">
  <testcase classname="Testcase.Partnerspace.T67_bookmark_file_checkoutandundocheckout" name="s1_bookmark_file_checkoutandundocheckout" time="24.206"/>
  <system-out/>
</testsuite> <!-- Testcase.Partnerspace.T67_bookmark_file_checkoutandundocheckout -->
