<?xml version="1.0" encoding="UTF-8"?>
<!-- Generated by org.testng.reporters.JUnitReportReporter -->
<testsuite hostname="TKSWS74" failures="0" tests="1" name="myfile.T39_sharelist_folder_rightclick_linkdetails" time="20.158" errors="0" timestamp="2025-01-29T09:45:24 IST" skipped="0">
  <testcase classname="myfile.T39_sharelist_folder_rightclick_linkdetails" name="s1_sharelist_linkdetails_shown" time="20.158"/>
  <system-out/>
</testsuite> <!-- myfile.T39_sharelist_folder_rightclick_linkdetails -->
