<?xml version="1.0" encoding="UTF-8"?>
<!-- Generated by org.testng.reporters.JUnitReportReporter -->
<testsuite hostname="TKSWS74" failures="0" tests="1" name="Partnerspace.T57_bookmark_file_rightclick_download" time="11.063" errors="0" timestamp="2025-04-21T17:10:19 IST" skipped="0">
  <testcase classname="Partnerspace.T57_bookmark_file_rightclick_download" name="s1_bookmark_file_download" time="11.063"/>
  <system-out/>
</testsuite> <!-- Partnerspace.T57_bookmark_file_rightclick_download -->
