<?xml version="1.0" encoding="UTF-8"?>
<!-- Generated by org.testng.reporters.JUnitReportReporter -->
<testsuite hostname="TKSWS74" failures="0" tests="1" name="Partnerspace.T47_bookmark_folder_rightclick_delete" time="13.847" errors="0" timestamp="2025-04-21T16:45:51 IST" skipped="0">
  <testcase classname="Partnerspace.T47_bookmark_folder_rightclick_delete" name="s1_deletefolder_onbookmark" time="13.847"/>
  <system-out/>
</testsuite> <!-- Partnerspace.T47_bookmark_folder_rightclick_delete -->
