<?xml version="1.0" encoding="UTF-8"?>
<!-- Generated by org.testng.reporters.JUnitReportReporter -->
<testsuite hostname="TKSWS74" failures="0" tests="1" name="Partnerspace.T16_folder_rightclick_folderactivitylog_clickclear_verify_checkbox_isenable" time="11.158" errors="0" timestamp="2023-11-07T14:50:05 IST" skipped="0">
  <testcase classname="Partnerspace.T16_folder_rightclick_folderactivitylog_clickclear_verify_checkbox_isenable" name="s1_activitylog_clickclear_verify_checkbox_isenable" time="11.158"/>
  <system-out/>
</testsuite> <!-- Partnerspace.T16_folder_rightclick_folderactivitylog_clickclear_verify_checkbox_isenable -->
