<?xml version="1.0" encoding="UTF-8"?>
<!-- Generated by org.testng.reporters.JUnitReportReporter -->
<testsuite hostname="TKSWS74" failures="0" tests="1" name="sharespace.T15_folder_rightclick_folderactivitylog_clickactionbutton_verifydetails_isdisplayed" time="17.152" errors="0" timestamp="2025-04-28T10:55:08 IST" skipped="0">
  <testcase classname="sharespace.T15_folder_rightclick_folderactivitylog_clickactionbutton_verifydetails_isdisplayed" name="s1_clickactionbutton_verifydetails_isdisplayed" time="17.152"/>
  <system-out/>
</testsuite> <!-- sharespace.T15_folder_rightclick_folderactivitylog_clickactionbutton_verifydetails_isdisplayed -->
