<?xml version="1.0" encoding="UTF-8"?>
<!-- Generated by org.testng.reporters.JUnitReportReporter -->
<testsuite hostname="TKSWS74" failures="0" tests="1" name="testcase.sharespace.T35_sharelist_linkdetails_onfolder" time="14.515" errors="0" timestamp="2023-04-04T10:11:06 IST" skipped="0">
  <testcase classname="testcase.sharespace.T35_sharelist_linkdetails_onfolder" name="s1_sharelist_linkdetails_onfolder" time="14.515"/>
  <system-out/>
</testsuite> <!-- testcase.sharespace.T35_sharelist_linkdetails_onfolder -->
