<?xml version="1.0" encoding="UTF-8"?>
<!-- Generated by org.testng.reporters.JUnitReportReporter -->
<testsuite hostname="TKSWS74" failures="0" tests="1" name="Testcase.myfile.T11_deletefolder_usingdropdown_on_myfile" time="18.156" errors="0" timestamp="2023-08-24T21:36:31 IST" skipped="0">
  <testcase classname="Testcase.myfile.T11_deletefolder_usingdropdown_on_myfile" name="s1_deletefolder_usingdropdown_on_myfile" time="18.156"/>
  <system-out/>
</testsuite> <!-- Testcase.myfile.T11_deletefolder_usingdropdown_on_myfile -->
