<?xml version="1.0" encoding="UTF-8"?>
<!-- Generated by org.testng.reporters.JUnitReportReporter -->
<testsuite hostname="TKSWS74" failures="0" tests="1" name="Testcase.T14_activitylog_clickclear_verifyactionbutton_isdisenable" time="20.051" errors="0" timestamp="2023-03-02T16:39:19 IST" skipped="0">
  <testcase classname="Testcase.T14_activitylog_clickclear_verifyactionbutton_isdisenable" name="s1_activitylog_clickclear_verifyactionbutton_isdisenable" time="20.051"/>
  <system-out/>
</testsuite> <!-- Testcase.T14_activitylog_clickclear_verifyactionbutton_isdisenable -->
