<?xml version="1.0" encoding="UTF-8"?>
<!-- Generated by org.testng.reporters.JUnitReportReporter -->
<testsuite hostname="TKSWS74" failures="0" tests="1" name="myfile.T41_sharelist_folder_rightclick_gotolocation" time="18.295" errors="0" timestamp="2025-01-29T09:47:33 IST" skipped="0">
  <testcase classname="myfile.T41_sharelist_folder_rightclick_gotolocation" name="s1_sharelist_linkdetails_shown" time="18.295"/>
  <system-out/>
</testsuite> <!-- myfile.T41_sharelist_folder_rightclick_gotolocation -->
