<?xml version="1.0" encoding="UTF-8"?>
<!-- Generated by org.testng.reporters.JUnitReportReporter -->
<testsuite hostname="TKSWS74" failures="0" tests="1" name="sharespace.T35_sharelist_folder_rightclick_linkdetails" time="11.542" errors="0" timestamp="2025-04-30T16:18:18 IST" skipped="0">
  <testcase classname="sharespace.T35_sharelist_folder_rightclick_linkdetails" name="s1_sharelist_linkdetails_onfolder" time="11.542"/>
  <system-out/>
</testsuite> <!-- sharespace.T35_sharelist_folder_rightclick_linkdetails -->
