<?xml version="1.0" encoding="UTF-8"?>
<!-- Generated by org.testng.reporters.JUnitReportReporter -->
<testsuite hostname="TKSWS74" failures="0" tests="1" name="Testcase.Partnerspace.T68_bookmark_file_lockandunlock" time="23.333" errors="0" timestamp="2023-08-17T10:56:44 IST" skipped="0">
  <testcase classname="Testcase.Partnerspace.T68_bookmark_file_lockandunlock" name="s1_bookmark_file_lockandunlock" time="23.333"/>
  <system-out/>
</testsuite> <!-- Testcase.Partnerspace.T68_bookmark_file_lockandunlock -->
