<?xml version="1.0" encoding="UTF-8"?>
<!-- Generated by org.testng.reporters.JUnitReportReporter -->
<testsuite hostname="TKSWS74" failures="0" tests="1" name="testcase.sharespace.T6_uploadfile_usingdropdown_folder" time="20.125" errors="0" timestamp="2023-04-03T12:33:23 IST" skipped="0">
  <testcase classname="testcase.sharespace.T6_uploadfile_usingdropdown_folder" name="s1_uploadfile_usingdropdown_folder" time="20.125"/>
  <system-out/>
</testsuite> <!-- testcase.sharespace.T6_uploadfile_usingdropdown_folder -->
