<?xml version="1.0" encoding="UTF-8"?>
<!-- Generated by org.testng.reporters.JUnitReportReporter -->
<testsuite hostname="TKSWS74" failures="0" tests="1" name="Testcase.T27_verify_activitylog_actionbutton_isselected_onfile" time="19.847" errors="0" timestamp="2023-03-02T18:42:55 IST" skipped="0">
  <testcase classname="Testcase.T27_verify_activitylog_actionbutton_isselected_onfile" name="s1_verify_activitylog_actionbutton_isselected_onfile" time="19.847"/>
  <system-out/>
</testsuite> <!-- Testcase.T27_verify_activitylog_actionbutton_isselected_onfile -->
