<?xml version="1.0" encoding="UTF-8"?>
<!-- Generated by org.testng.reporters.JUnitReportReporter -->
<testsuite hostname="TKSWS74" failures="0" tests="1" name="Partnerspace.T4_createfolder_using_createbutton_ontoprightcorner" time="15.751" errors="0" timestamp="2025-04-16T10:18:36 IST" skipped="0">
  <testcase classname="Partnerspace.T4_createfolder_using_createbutton_ontoprightcorner" name="s1_createfolder" time="15.751"/>
  <system-out/>
</testsuite> <!-- Partnerspace.T4_createfolder_using_createbutton_ontoprightcorner -->
