<?xml version="1.0" encoding="UTF-8"?>
<!-- Generated by org.testng.reporters.JUnitReportReporter -->
<testsuite hostname="TKSWS74" failures="0" tests="1" name="Partnerspace.T32_file_rightclick_fileactivitylog_verifiedcheckbox_isenable" time="17.305" errors="0" timestamp="2025-04-21T16:30:58 IST" skipped="0">
  <testcase classname="Partnerspace.T32_file_rightclick_fileactivitylog_verifiedcheckbox_isenable" name="s1_fileactivitylog_verifiedcheckbox_isenable" time="17.305"/>
  <system-out/>
</testsuite> <!-- Partnerspace.T32_file_rightclick_fileactivitylog_verifiedcheckbox_isenable -->
