<?xml version="1.0" encoding="UTF-8"?>
<!-- Generated by org.testng.reporters.JUnitReportReporter -->
<testsuite hostname="TKSWS74" failures="0" tests="1" name="myfile.T4_Upload_file_using_uploadbutton_toprightcorner" time="19.323" errors="0" timestamp="2025-01-06T15:44:10 IST" skipped="0">
  <testcase classname="myfile.T4_Upload_file_using_uploadbutton_toprightcorner" name="s1_Uploadfile_usinguploadbutton_myfile" time="19.323"/>
  <system-out/>
</testsuite> <!-- myfile.T4_Upload_file_using_uploadbutton_toprightcorner -->
