<?xml version="1.0" encoding="UTF-8"?>
<!-- Generated by org.testng.reporters.JUnitReportReporter -->
<testsuite hostname="TKSWS74" failures="0" tests="1" name="Testcase.T4_Uploadfile_usinguploadbutton_myfile" time="18.097" errors="0" timestamp="2023-03-02T15:17:36 IST" skipped="0">
  <testcase classname="Testcase.T4_Uploadfile_usinguploadbutton_myfile" name="s1_Uploadfile_usinguploadbutton_myfile" time="18.097"/>
  <system-out/>
</testsuite> <!-- Testcase.T4_Uploadfile_usinguploadbutton_myfile -->
