<?xml version="1.0" encoding="UTF-8"?>
<!-- Generated by org.testng.reporters.JUnitReportReporter -->
<testsuite hostname="TKSWS74" failures="0" tests="1" name="Testcase.T3_createfolder_usingcreatebutton_on_myfile" time="15.934" errors="0" timestamp="2023-03-02T15:08:42 IST" skipped="0">
  <testcase classname="Testcase.T3_createfolder_usingcreatebutton_on_myfile" name="s1_createfolder_usingcreatebutton_on_myfile" time="15.934"/>
  <system-out/>
</testsuite> <!-- Testcase.T3_createfolder_usingcreatebutton_on_myfile -->
