<?xml version="1.0" encoding="UTF-8"?>
<!-- Generated by org.testng.reporters.JUnitReportReporter -->
<testsuite hostname="TKSWS74" failures="0" tests="1" name="Partnerspace.T11_partnerspace_folder_rightclick_selectrename" time="23.927" errors="0" timestamp="2023-08-25T14:41:04 IST" skipped="0">
  <testcase classname="Partnerspace.T11_partnerspace_folder_rightclick_selectrename" name="s1_rename_onfolderdropdown" time="23.927"/>
  <system-out/>
</testsuite> <!-- Partnerspace.T11_partnerspace_folder_rightclick_selectrename -->
