<?xml version="1.0" encoding="UTF-8"?>
<!-- Generated by org.testng.reporters.JUnitReportReporter -->
<testsuite hostname="TKSWS74" failures="0" tests="1" name="sharespace.T47_create_sdnote_using_createbutton_toprightcorner" time="14.032" errors="0" timestamp="2025-04-30T16:18:18 IST" skipped="0">
  <testcase classname="sharespace.T47_create_sdnote_using_createbutton_toprightcorner" name="s1_create_sdnote" time="14.032"/>
  <system-out/>
</testsuite> <!-- sharespace.T47_create_sdnote_using_createbutton_toprightcorner -->
