<?xml version="1.0" encoding="UTF-8"?>
<!-- Generated by org.testng.reporters.JUnitReportReporter -->
<testsuite hostname="TKSWS74" failures="0" tests="1" name="Partnerspace.T50_recyclepin_folder_rightclick_restore" time="18.600" errors="0" timestamp="2025-04-21T16:47:29 IST" skipped="0">
  <testcase classname="Partnerspace.T50_recyclepin_folder_rightclick_restore" name="s1_recyclepin_restore" time="18.600"/>
  <system-out/>
</testsuite> <!-- Partnerspace.T50_recyclepin_folder_rightclick_restore -->
