<?xml version="1.0" encoding="UTF-8"?>
<!-- Generated by org.testng.reporters.JUnitReportReporter -->
<testsuite hostname="TKSWS74" failures="0" tests="1" name="myfile.T16_folder_rightclick_activitylog_verify_download" time="15.419" errors="0" timestamp="2025-01-27T14:59:14 IST" skipped="0">
  <testcase classname="myfile.T16_folder_rightclick_activitylog_verify_download" name="s1_activitylog_verify_download" time="15.419"/>
  <system-out/>
</testsuite> <!-- myfile.T16_folder_rightclick_activitylog_verify_download -->
