<?xml version="1.0" encoding="UTF-8"?>
<!-- Generated by org.testng.reporters.JUnitReportReporter -->
<testsuite hostname="TKSWS74" failures="0" tests="1" name="Projectspace.T43_bookmark_folder_rightclick_createfolder" time="12.575" errors="0" timestamp="2025-04-30T13:53:28 IST" skipped="0">
  <testcase classname="Projectspace.T43_bookmark_folder_rightclick_createfolder" name="s1_bookmark_createfolder" time="12.575"/>
  <system-out/>
</testsuite> <!-- Projectspace.T43_bookmark_folder_rightclick_createfolder -->
