<?xml version="1.0" encoding="UTF-8"?>
<!-- Generated by org.testng.reporters.JUnitReportReporter -->
<testsuite hostname="TKSWS74" failures="0" tests="1" name="Testcase.Partnerspace.T16_activitylog_clickclear_verify_checkbox_isenable" time="15.492" errors="0" timestamp="2023-08-17T10:56:44 IST" skipped="0">
  <testcase classname="Testcase.Partnerspace.T16_activitylog_clickclear_verify_checkbox_isenable" name="s1_activitylog_clickclear_verify_checkbox_isenable" time="15.492"/>
  <system-out/>
</testsuite> <!-- Testcase.Partnerspace.T16_activitylog_clickclear_verify_checkbox_isenable -->
