<?xml version="1.0" encoding="UTF-8"?>
<!-- Generated by org.testng.reporters.JUnitReportReporter -->
<testsuite hostname="TKSWS74" failures="0" tests="1" name="Testcase.Department.T16_activitylog_verify_download" time="10.251" errors="0" timestamp="2023-08-24T21:36:31 IST" skipped="0">
  <testcase classname="Testcase.Department.T16_activitylog_verify_download" name="s1_activitylog_verify_download" time="10.251"/>
  <system-out/>
</testsuite> <!-- Testcase.Department.T16_activitylog_verify_download -->
