<?xml version="1.0" encoding="UTF-8"?>
<!-- Generated by org.testng.reporters.JUnitReportReporter -->
<testsuite hostname="TKSWS74" failures="0" tests="1" name="Partnerspace.T59_bookmark_file_rightclick_sendto_sendtomyfile" time="12.139" errors="0" timestamp="2023-09-07T11:05:40 IST" skipped="0">
  <testcase classname="Partnerspace.T59_bookmark_file_rightclick_sendto_sendtomyfile" name="s1_bookmark_file_sendtomyfile" time="12.139"/>
  <system-out/>
</testsuite> <!-- Partnerspace.T59_bookmark_file_rightclick_sendto_sendtomyfile -->
