<?xml version="1.0" encoding="UTF-8"?>
<!-- Generated by org.testng.reporters.JUnitReportReporter -->
<testsuite hostname="TKSWS74" failures="0" tests="1" name="Testcase.myfile.T12_share_usingfolderdropdown_on_myfile" time="22.749" errors="0" timestamp="2023-08-24T21:36:31 IST" skipped="0">
  <testcase classname="Testcase.myfile.T12_share_usingfolderdropdown_on_myfile" name="s1_share_usingfolderdropdown_on_myfile" time="22.749"/>
  <system-out/>
</testsuite> <!-- Testcase.myfile.T12_share_usingfolderdropdown_on_myfile -->
