<?xml version="1.0" encoding="UTF-8"?>
<!-- Generated by org.testng.reporters.JUnitReportReporter -->
<testsuite hostname="TKSWS74" failures="0" tests="1" name="Testcase.myfile.T27_verify_activitylog_actionbutton_isselected_onfile" time="15.607" errors="0" timestamp="2023-08-24T21:36:31 IST" skipped="0">
  <testcase classname="Testcase.myfile.T27_verify_activitylog_actionbutton_isselected_onfile" name="s1_verify_activitylog_actionbutton_isselected_onfile" time="15.607"/>
  <system-out/>
</testsuite> <!-- Testcase.myfile.T27_verify_activitylog_actionbutton_isselected_onfile -->
