<?xml version="1.0" encoding="UTF-8"?>
<!-- Generated by org.testng.reporters.JUnitReportReporter -->
<testsuite hostname="TKSWS74" failures="0" tests="1" name="Testcase.sharespace.T13_folderactivitylog_open_verifyactionbutton_isenable" time="13.318" errors="0" timestamp="2023-08-24T21:36:32 IST" skipped="0">
  <testcase classname="Testcase.sharespace.T13_folderactivitylog_open_verifyactionbutton_isenable" name="s1_folderactivitylog_open_verifyactionbutton_isenable" time="13.318"/>
  <system-out/>
</testsuite> <!-- Testcase.sharespace.T13_folderactivitylog_open_verifyactionbutton_isenable -->
