<?xml version="1.0" encoding="UTF-8"?>
<!-- Generated by org.testng.reporters.JUnitReportReporter -->
<testsuite hostname="TKSWS74" failures="0" tests="1" name="Partnerspace.T5_uploadfile_using_uploadbutton_ontoprightcorner" time="15.633" errors="0" timestamp="2025-04-16T10:32:59 IST" skipped="0">
  <testcase classname="Partnerspace.T5_uploadfile_using_uploadbutton_ontoprightcorner" name="s1_uploadfile_onuploadbutton" time="15.633"/>
  <system-out/>
</testsuite> <!-- Partnerspace.T5_uploadfile_using_uploadbutton_ontoprightcorner -->
