<?xml version="1.0" encoding="UTF-8"?>
<!-- Generated by org.testng.reporters.JUnitReportReporter -->
<testsuite hostname="TKSWS74" failures="0" tests="1" name="Partnerspace.T38_sharelist_folder_rightclick_unshare" time="11.686" errors="0" timestamp="2025-04-21T16:39:01 IST" skipped="0">
  <testcase classname="Partnerspace.T38_sharelist_folder_rightclick_unshare" name="s1_sharelist_unshare" time="11.686"/>
  <system-out/>
</testsuite> <!-- Partnerspace.T38_sharelist_folder_rightclick_unshare -->
