<?xml version="1.0" encoding="UTF-8"?>
<!-- Generated by org.testng.reporters.JUnitReportReporter -->
<testsuite hostname="TKSWS74" failures="0" tests="1" name="testcase.sharespace.T12_share_usingdropdown_onfolder" time="26.817" errors="0" timestamp="2023-04-03T14:29:18 IST" skipped="0">
  <testcase classname="testcase.sharespace.T12_share_usingdropdown_onfolder" name="s1_share_usingdropdown_onfolder" time="26.817"/>
  <system-out/>
</testsuite> <!-- testcase.sharespace.T12_share_usingdropdown_onfolder -->
