<?xml version="1.0" encoding="UTF-8"?>
<!-- Generated by org.testng.reporters.JUnitReportReporter -->
<testsuite hostname="TKSWS74" failures="0" tests="1" name="Testcase.myfile.T32_verify_sendto_project_onfile" time="16.536" errors="0" timestamp="2023-08-24T21:36:32 IST" skipped="0">
  <testcase classname="Testcase.myfile.T32_verify_sendto_project_onfile" name="s1_verify_sendto_project_onfile" time="16.536"/>
  <system-out/>
</testsuite> <!-- Testcase.myfile.T32_verify_sendto_project_onfile -->
