<?xml version="1.0" encoding="UTF-8"?>
<!-- Generated by org.testng.reporters.JUnitReportReporter -->
<testsuite hostname="TKSWS74" failures="0" tests="1" name="testcase.sharespace.T14_activitylog_clickclear_verifyactionbutton_isdisenable" time="17.119" errors="0" timestamp="2023-04-03T14:53:28 IST" skipped="0">
  <testcase classname="testcase.sharespace.T14_activitylog_clickclear_verifyactionbutton_isdisenable" name="s1_activitylog_clickclear_verifyactionbutton_isdisenable" time="17.119"/>
  <system-out/>
</testsuite> <!-- testcase.sharespace.T14_activitylog_clickclear_verifyactionbutton_isdisenable -->
