<?xml version="1.0" encoding="UTF-8"?>
<!-- Generated by org.testng.reporters.JUnitReportReporter -->
<testsuite hostname="TKSWS74" failures="0" tests="1" name="Testcase.T9_rename_usingdropdown_onfolder_myfile" time="19.555" errors="0" timestamp="2023-03-02T15:55:50 IST" skipped="0">
  <testcase classname="Testcase.T9_rename_usingdropdown_onfolder_myfile" name="s1_rename_usingdropdown_onfolder_myfile" time="19.555"/>
  <system-out/>
</testsuite> <!-- Testcase.T9_rename_usingdropdown_onfolder_myfile -->
