<?xml version="1.0" encoding="UTF-8"?>
<!-- Generated by org.testng.reporters.JUnitReportReporter -->
<testsuite hostname="TKSWS74" failures="0" tests="1" name="sharespace.T62_bookmark_file_rightclick_createremainder" time="18.511" errors="0" timestamp="2025-04-28T17:40:30 IST" skipped="0">
  <testcase classname="sharespace.T62_bookmark_file_rightclick_createremainder" name="s1_sharewithme_openlink" time="18.511"/>
  <system-out/>
</testsuite> <!-- sharespace.T62_bookmark_file_rightclick_createremainder -->
