<?xml version="1.0" encoding="UTF-8"?>
<!-- Generated by org.testng.reporters.JUnitReportReporter -->
<testsuite hostname="TKSWS74" failures="0" tests="1" name="Projectspace.T5_upload_file_using_uploadbutton_toprightcorner" time="17.443" errors="0" timestamp="2025-04-30T13:53:28 IST" skipped="0">
  <testcase classname="Projectspace.T5_upload_file_using_uploadbutton_toprightcorner" name="s1_uploadfile_onuploadbutton" time="17.443"/>
  <system-out/>
</testsuite> <!-- Projectspace.T5_upload_file_using_uploadbutton_toprightcorner -->
