<?xml version="1.0" encoding="UTF-8"?>
<!-- Generated by org.testng.reporters.JUnitReportReporter -->
<testsuite hostname="TKSWS74" failures="0" tests="1" name="Partnerspace.T25_file_rightclick_sendto_sendtosharespace" time="18.949" errors="0" timestamp="2023-09-07T11:05:40 IST" skipped="0">
  <testcase classname="Partnerspace.T25_file_rightclick_sendto_sendtosharespace" name="s1_sendto_sharespace_onfile" time="18.949"/>
  <system-out/>
</testsuite> <!-- Partnerspace.T25_file_rightclick_sendto_sendtosharespace -->
