<?xml version="1.0" encoding="UTF-8"?>
<!-- Generated by org.testng.reporters.JUnitReportReporter -->
<testsuite hostname="TKSWS74" failures="0" tests="1" name="Testcase.myfile.T29_verify_actionbuttonclick_detaildisplay_onfile" time="17.802" errors="0" timestamp="2023-08-24T21:36:31 IST" skipped="0">
  <testcase classname="Testcase.myfile.T29_verify_actionbuttonclick_detaildisplay_onfile" name="s1_verify_actionbuttonclick_detaildisplay_onfile" time="17.802"/>
  <system-out/>
</testsuite> <!-- Testcase.myfile.T29_verify_actionbuttonclick_detaildisplay_onfile -->
