<?xml version="1.0" encoding="UTF-8"?>
<!-- Generated by org.testng.reporters.JUnitReportReporter -->
<testsuite hostname="TKSWS74" failures="0" tests="1" name="Projectspace.T39_sharelist_folder_rightclick_gotolocation" time="12.028" errors="0" timestamp="2025-04-30T13:53:28 IST" skipped="0">
  <testcase classname="Projectspace.T39_sharelist_folder_rightclick_gotolocation" name="s1_sharelist_gotolocation" time="12.028"/>
  <system-out/>
</testsuite> <!-- Projectspace.T39_sharelist_folder_rightclick_gotolocation -->
