<?xml version="1.0" encoding="UTF-8"?>
<!-- Generated by org.testng.reporters.JUnitReportReporter -->
<testsuite hostname="TKSWS74" failures="0" tests="1" name="Testcase.Partnerspace.T63_bookmark_file_sendtosharespace" time="20.989" errors="0" timestamp="2023-07-25T13:04:49 IST" skipped="0">
  <testcase classname="Testcase.Partnerspace.T63_bookmark_file_sendtosharespace" name="s1_bookmark_file_sendtosharespace" time="20.989"/>
  <system-out/>
</testsuite> <!-- Testcase.Partnerspace.T63_bookmark_file_sendtosharespace -->
