<?xml version="1.0" encoding="UTF-8"?>
<!-- Generated by org.testng.reporters.JUnitReportReporter -->
<testsuite hostname="TKSWS74" failures="0" tests="1" name="Testcase.sharespace.T31_activitylog_clickclear_verifyactionbutton_isdisenable" time="11.294" errors="0" timestamp="2023-08-24T21:36:31 IST" skipped="0">
  <testcase classname="Testcase.sharespace.T31_activitylog_clickclear_verifyactionbutton_isdisenable" name="s1_activitylog_clickclear_verifyactionbutton_isdisenable" time="11.294"/>
  <system-out/>
</testsuite> <!-- Testcase.sharespace.T31_activitylog_clickclear_verifyactionbutton_isdisenable -->
