<?xml version="1.0" encoding="UTF-8"?>
<!-- Generated by org.testng.reporters.JUnitReportReporter -->
<testsuite hostname="TKSWS74" failures="0" tests="1" name="Partnerspace.T15_folder_rightclick_folderactivitylog_verify_textbox_isenable" time="12.759" errors="0" timestamp="2023-11-07T14:50:05 IST" skipped="0">
  <testcase classname="Partnerspace.T15_folder_rightclick_folderactivitylog_verify_textbox_isenable" name="s1_folderactivitylog_verify_textbox_isenable" time="12.759"/>
  <system-out/>
</testsuite> <!-- Partnerspace.T15_folder_rightclick_folderactivitylog_verify_textbox_isenable -->
