<?xml version="1.0" encoding="UTF-8"?>
<!-- Generated by org.testng.reporters.JUnitReportReporter -->
<testsuite hostname="TKSWS74" failures="0" tests="1" name="Partnerspace.T37_sharelist_folder_rightclick_linkdetails" time="13.914" errors="0" timestamp="2025-04-21T16:38:36 IST" skipped="0">
  <testcase classname="Partnerspace.T37_sharelist_folder_rightclick_linkdetails" name="s1_sharelist_linkdetails_onfolder" time="13.914"/>
  <system-out/>
</testsuite> <!-- Partnerspace.T37_sharelist_folder_rightclick_linkdetails -->
