<?xml version="1.0" encoding="UTF-8"?>
<!-- Generated by org.testng.reporters.JUnitReportReporter -->
<testsuite hostname="TKSWS74" failures="0" tests="1" name="Testcase.sharespace.T2_create_folder_using_createbutton" time="9.059" errors="0" timestamp="2023-08-24T21:36:31 IST" skipped="0">
  <testcase classname="Testcase.sharespace.T2_create_folder_using_createbutton" name="s1_create_folder_using_createbutton" time="9.059"/>
  <system-out/>
</testsuite> <!-- Testcase.sharespace.T2_create_folder_using_createbutton -->
