<?xml version="1.0" encoding="UTF-8"?>
<!-- Generated by org.testng.reporters.JUnitReportReporter -->
<testsuite hostname="TKSWS74" failures="0" tests="1" name="Partnerspace.T43_bookmark_folder_rightclick_createfolder" time="14.622" errors="0" timestamp="2025-04-21T16:44:10 IST" skipped="0">
  <testcase classname="Partnerspace.T43_bookmark_folder_rightclick_createfolder" name="s1_bookmark_createfolder" time="14.622"/>
  <system-out/>
</testsuite> <!-- Partnerspace.T43_bookmark_folder_rightclick_createfolder -->
