<?xml version="1.0" encoding="UTF-8"?>
<!-- Generated by org.testng.reporters.JUnitReportReporter -->
<testsuite hostname="TKSWS74" failures="0" tests="1" name="Projectspace.T60_bookmark_file_rightclick_sendto_sendtoproject" time="15.375" errors="0" timestamp="2025-04-30T15:06:00 IST" skipped="0">
  <testcase classname="Projectspace.T60_bookmark_file_rightclick_sendto_sendtoproject" name="s1_bookmark_file_sendtoproject" time="15.375"/>
  <system-out/>
</testsuite> <!-- Projectspace.T60_bookmark_file_rightclick_sendto_sendtoproject -->
