<?xml version="1.0" encoding="UTF-8"?>
<!-- Generated by org.testng.reporters.JUnitReportReporter -->
<testsuite hostname="TKSWS74" failures="0" tests="1" name="Testcase.myfile.T33_verify_sendto_partnerproject_onfile" time="15.978" errors="0" timestamp="2023-08-24T21:36:30 IST" skipped="0">
  <testcase classname="Testcase.myfile.T33_verify_sendto_partnerproject_onfile" name="s1_verify_sendto_partnerproject_onfile" time="15.978"/>
  <system-out/>
</testsuite> <!-- Testcase.myfile.T33_verify_sendto_partnerproject_onfile -->
