<?xml version="1.0" encoding="UTF-8"?>
<!-- Generated by org.testng.reporters.JUnitReportReporter -->
<testsuite hostname="TKSWS74" failures="0" tests="1" name="Testcase.myfile.T61_bookmark_file_sendtodepartment" time="10.597" errors="0" timestamp="2023-08-24T21:36:31 IST" skipped="0">
  <testcase classname="Testcase.myfile.T61_bookmark_file_sendtodepartment" name="s1_bookmark_file_sendtodepartment" time="10.597"/>
  <system-out/>
</testsuite> <!-- Testcase.myfile.T61_bookmark_file_sendtodepartment -->
