<?xml version="1.0" encoding="UTF-8"?>
<!-- Generated by org.testng.reporters.JUnitReportReporter -->
<testsuite hostname="TKSWS74" failures="0" tests="1" name="myfile.T_createfolder_usingcreatebutton_on_myfile" time="13.046" errors="0" timestamp="2023-09-13T17:48:38 IST" skipped="0">
  <testcase classname="myfile.T_createfolder_usingcreatebutton_on_myfile" name="s1_createfolder_usingcreatebutton_on_myfile" time="13.046"/>
  <system-out/>
</testsuite> <!-- myfile.T_createfolder_usingcreatebutton_on_myfile -->
