<?xml version="1.0" encoding="UTF-8"?>
<!-- Generated by org.testng.reporters.JUnitReportReporter -->
<testsuite hostname="TKSWS74" failures="0" tests="1" name="Projectspace.T16_folder_rightclick_activitylog_clickclear_verify_checkbox_isenable" time="15.055" errors="0" timestamp="2025-04-30T13:53:28 IST" skipped="0">
  <testcase classname="Projectspace.T16_folder_rightclick_activitylog_clickclear_verify_checkbox_isenable" name="s1_activitylog_clickclear_verify_checkbox_isenable" time="15.055"/>
  <system-out/>
</testsuite> <!-- Projectspace.T16_folder_rightclick_activitylog_clickclear_verify_checkbox_isenable -->
