<?xml version="1.0" encoding="UTF-8"?>
<!-- Generated by org.testng.reporters.JUnitReportReporter -->
<testsuite hostname="TKSWS74" failures="0" tests="1" name="Projectspace.T23_file_rightclick_sendto_sendtoproject" time="17.138" errors="0" timestamp="2025-04-30T14:58:33 IST" skipped="0">
  <testcase classname="Projectspace.T23_file_rightclick_sendto_sendtoproject" name="s1_sendto_project_onfile" time="17.138"/>
  <system-out/>
</testsuite> <!-- Projectspace.T23_file_rightclick_sendto_sendtoproject -->
