<?xml version="1.0" encoding="UTF-8"?>
<!-- Generated by org.testng.reporters.JUnitReportReporter -->
<testsuite hostname="TKSWS74" failures="0" tests="1" name="testcase.sharespace.T15_clickactionbutton_verifydetails_isdisplayed" time="23.342" errors="0" timestamp="2023-04-03T14:56:09 IST" skipped="0">
  <testcase classname="testcase.sharespace.T15_clickactionbutton_verifydetails_isdisplayed" name="s1_clickactionbutton_verifydetails_isdisplayed" time="23.342"/>
  <system-out/>
</testsuite> <!-- testcase.sharespace.T15_clickactionbutton_verifydetails_isdisplayed -->
