<?xml version="1.0" encoding="UTF-8"?>
<!-- Generated by org.testng.reporters.JUnitReportReporter -->
<testsuite hostname="TKSWS74" failures="0" tests="1" name="Partnerspace.T24_file_rightclick_sendto_sendtopartnerspace" time="18.838" errors="0" timestamp="2025-04-21T12:19:21 IST" skipped="0">
  <testcase classname="Partnerspace.T24_file_rightclick_sendto_sendtopartnerspace" name="s1_sendto_partnerspace_onfile" time="18.838"/>
  <system-out/>
</testsuite> <!-- Partnerspace.T24_file_rightclick_sendto_sendtopartnerspace -->
