<?xml version="1.0" encoding="UTF-8"?>
<!-- Generated by org.testng.reporters.JUnitReportReporter -->
<testsuite hostname="TKSWS74" failures="0" tests="1" name="Testcase.T33_verify_sendto_partnerproject_onfile" time="20.278" errors="0" timestamp="2023-03-02T18:52:17 IST" skipped="0">
  <testcase classname="Testcase.T33_verify_sendto_partnerproject_onfile" name="s1_verify_sendto_partnerproject_onfile" time="20.278"/>
  <system-out/>
</testsuite> <!-- Testcase.T33_verify_sendto_partnerproject_onfile -->
