<?xml version="1.0" encoding="UTF-8"?>
<!-- Generated by org.testng.reporters.JUnitReportReporter -->
<testsuite hostname="TKSWS74" failures="0" tests="1" name="sharespace.T37_sharelist_folder_rightclick_gotolocation" time="12.091" errors="0" timestamp="2025-04-30T16:18:18 IST" skipped="0">
  <testcase classname="sharespace.T37_sharelist_folder_rightclick_gotolocation" name="s1_sharelist_gotolocation" time="12.091"/>
  <system-out/>
</testsuite> <!-- sharespace.T37_sharelist_folder_rightclick_gotolocation -->
