<?xml version="1.0" encoding="UTF-8"?>
<!-- Generated by org.testng.reporters.JUnitReportReporter -->
<testsuite hostname="TKSWS74" failures="0" tests="1" name="Testcase.Projectspace.T9_createfolder_onfolderdropdown" time="1725.769" errors="0" timestamp="2023-08-23T14:37:01 IST" skipped="0">
  <testcase classname="Testcase.Projectspace.T9_createfolder_onfolderdropdown" name="s1_createfolder_onfolderdropdown" time="1725.769"/>
  <system-out/>
</testsuite> <!-- Testcase.Projectspace.T9_createfolder_onfolderdropdown -->
