<?xml version="1.0" encoding="UTF-8"?>
<!-- Generated by org.testng.reporters.JUnitReportReporter -->
<testsuite hostname="TKSWS74" failures="0" tests="1" name="Partnerspace.T39_sharelist_folder_rightclick_gotolocation" time="9.796" errors="0" timestamp="2023-11-07T14:50:05 IST" skipped="0">
  <testcase classname="Partnerspace.T39_sharelist_folder_rightclick_gotolocation" name="s1_sharelist_gotolocation" time="9.796"/>
  <system-out/>
</testsuite> <!-- Partnerspace.T39_sharelist_folder_rightclick_gotolocation -->
