<?xml version="1.0" encoding="UTF-8"?>
<!-- Generated by org.testng.reporters.JUnitReportReporter -->
<testsuite hostname="TKSWS74" failures="0" tests="1" name="Testcase.Department.T13_folderactivitylog_open_verifyactionbutton_isenable" time="12.280" errors="0" timestamp="2023-08-24T21:36:31 IST" skipped="0">
  <testcase classname="Testcase.Department.T13_folderactivitylog_open_verifyactionbutton_isenable" name="s1_folderactivitylog_open_verifyactionbutton_isenable" time="12.280"/>
  <system-out/>
</testsuite> <!-- Testcase.Department.T13_folderactivitylog_open_verifyactionbutton_isenable -->
