<?xml version="1.0" encoding="UTF-8"?>
<!-- Generated by org.testng.reporters.JUnitReportReporter -->
<testsuite hostname="TKSWS74" failures="0" tests="1" name="Testcase.Partnerspace.T10_download_onfolderdropdown" time="15.823" errors="0" timestamp="2023-08-17T10:56:44 IST" skipped="0">
  <testcase classname="Testcase.Partnerspace.T10_download_onfolderdropdown" name="s1_download_onfolderdropdown" time="15.823"/>
  <system-out/>
</testsuite> <!-- Testcase.Partnerspace.T10_download_onfolderdropdown -->
