<?xml version="1.0" encoding="UTF-8"?>
<!-- Generated by org.testng.reporters.JUnitReportReporter -->
<testsuite hostname="TKSWS74" failures="0" tests="1" name="Testcase.myfile.T14_activitylog_clickclear_verifyactionbutton_isdisenable" time="12.976" errors="0" timestamp="2023-08-24T21:36:32 IST" skipped="0">
  <testcase classname="Testcase.myfile.T14_activitylog_clickclear_verifyactionbutton_isdisenable" name="s1_activitylog_clickclear_verifyactionbutton_isdisenable" time="12.976"/>
  <system-out/>
</testsuite> <!-- Testcase.myfile.T14_activitylog_clickclear_verifyactionbutton_isdisenable -->
