<?xml version="1.0" encoding="UTF-8"?>
<!-- Generated by org.testng.reporters.JUnitReportReporter -->
<testsuite hostname="TKSWS74" failures="0" tests="1" name="Partnerspace.T5_uploadfile_using_uploadbutton_ontoprightcorner" time="10.825" errors="0" timestamp="2023-11-07T14:50:05 IST" skipped="0">
  <testcase classname="Partnerspace.T5_uploadfile_using_uploadbutton_ontoprightcorner" name="s1_uploadfile_onuploadbutton" time="10.825"/>
  <system-out/>
</testsuite> <!-- Partnerspace.T5_uploadfile_using_uploadbutton_ontoprightcorner -->
