<?xml version="1.0" encoding="UTF-8"?>
<!-- Generated by org.testng.reporters.JUnitReportReporter -->
<testsuite hostname="TKSWS74" failures="0" tests="1" name="testcase.sharespace.T7_createfolder_usingdropdown_onfolder" time="13.369" errors="0" timestamp="2023-04-03T12:36:02 IST" skipped="0">
  <testcase classname="testcase.sharespace.T7_createfolder_usingdropdown_onfolder" name="s1_createfolder_usingdropdown_onfolder" time="13.369"/>
  <system-out/>
</testsuite> <!-- testcase.sharespace.T7_createfolder_usingdropdown_onfolder -->
