<?xml version="1.0" encoding="UTF-8"?>
<!-- Generated by org.testng.reporters.JUnitReportReporter -->
<testsuite hostname="TKSWS74" failures="0" tests="1" name="Testcase.Partnerspace.T15_folderactivitylog_verify_textbox_isenable" time="15.250" errors="0" timestamp="2023-08-17T10:56:44 IST" skipped="0">
  <testcase classname="Testcase.Partnerspace.T15_folderactivitylog_verify_textbox_isenable" name="s1_folderactivitylog_verify_textbox_isenable" time="15.250"/>
  <system-out/>
</testsuite> <!-- Testcase.Partnerspace.T15_folderactivitylog_verify_textbox_isenable -->
