<?xml version="1.0" encoding="UTF-8"?>
<!-- Generated by org.testng.reporters.JUnitReportReporter -->
<testsuite hostname="TKSWS74" failures="0" tests="1" name="Partnerspace.T23_file_rightclick_sendto_sendtoproject" time="18.791" errors="0" timestamp="2025-04-21T12:08:00 IST" skipped="0">
  <testcase classname="Partnerspace.T23_file_rightclick_sendto_sendtoproject" name="s1_sendto_project_onfile" time="18.791"/>
  <system-out/>
</testsuite> <!-- Partnerspace.T23_file_rightclick_sendto_sendtoproject -->
