<?xml version="1.0" encoding="UTF-8"?>
<!-- Generated by org.testng.reporters.JUnitReportReporter -->
<testsuite hostname="TKSWS74" failures="0" tests="1" name="Partnerspace.T33_file_rightclick_fileactivitylog_clear_verifitycheckbox_isenable" time="17.036" errors="0" timestamp="2023-11-07T14:50:05 IST" skipped="0">
  <testcase classname="Partnerspace.T33_file_rightclick_fileactivitylog_clear_verifitycheckbox_isenable" name="s1_fileactivitylog_clear_verifitycheckbox_isenable" time="17.036"/>
  <system-out/>
</testsuite> <!-- Partnerspace.T33_file_rightclick_fileactivitylog_clear_verifitycheckbox_isenable -->
