<?xml version="1.0" encoding="UTF-8"?>
<!-- Generated by org.testng.reporters.JUnitReportReporter -->
<testsuite hostname="TKSWS74" failures="0" tests="1" name="Partnerspace.T61_bookmark_file_rightclick_sendto_sendtoproject" time="16.083" errors="0" timestamp="2023-09-07T11:05:40 IST" skipped="0">
  <testcase classname="Partnerspace.T61_bookmark_file_rightclick_sendto_sendtoproject" name="s1_bookmark_file_sendtoproject" time="16.083"/>
  <system-out/>
</testsuite> <!-- Partnerspace.T61_bookmark_file_rightclick_sendto_sendtoproject -->
