<?xml version="1.0" encoding="UTF-8"?>
<!-- Generated by org.testng.reporters.JUnitReportReporter -->
<testsuite hostname="TKSWS74" failures="0" tests="1" name="Partnerspace.T50_recyclepin_folder_rightclick_restore" time="13.876" errors="0" timestamp="2023-11-07T14:50:05 IST" skipped="0">
  <testcase classname="Partnerspace.T50_recyclepin_folder_rightclick_restore" name="s1_recyclepin_restore" time="13.876"/>
  <system-out/>
</testsuite> <!-- Partnerspace.T50_recyclepin_folder_rightclick_restore -->
