<?xml version="1.0" encoding="UTF-8"?>
<!-- Generated by org.testng.reporters.JUnitReportReporter -->
<testsuite hostname="TKSWS74" failures="0" tests="1" name="Partnerspace.T12_partnerspace_folder_rightclick_selectmove" time="31.085" errors="0" timestamp="2023-08-25T14:41:04 IST" skipped="0">
  <testcase classname="Partnerspace.T12_partnerspace_folder_rightclick_selectmove" name="s1_move_onfolderdropdown" time="31.085"/>
  <system-out/>
</testsuite> <!-- Partnerspace.T12_partnerspace_folder_rightclick_selectmove -->
