<?xml version="1.0" encoding="UTF-8"?>
<!-- Generated by org.testng.reporters.JUnitReportReporter -->
<testsuite hostname="TKSWS74" failures="0" tests="1" name="Partnerspace.T43_bookmark_folder_rightclick_createfolder" time="10.794" errors="0" timestamp="2023-11-07T14:50:05 IST" skipped="0">
  <testcase classname="Partnerspace.T43_bookmark_folder_rightclick_createfolder" name="s1_bookmark_createfolder" time="10.794"/>
  <system-out/>
</testsuite> <!-- Partnerspace.T43_bookmark_folder_rightclick_createfolder -->
