<?xml version="1.0" encoding="UTF-8"?>
<!-- Generated by org.testng.reporters.JUnitReportReporter -->
<testsuite hostname="TKSWS74" failures="0" tests="1" name="Partnerspace.T10_partnerspace_download_rightclick_selectdownload" time="18.977" errors="0" timestamp="2023-08-25T14:41:04 IST" skipped="0">
  <testcase classname="Partnerspace.T10_partnerspace_download_rightclick_selectdownload" name="s1_download_onfolderdropdown" time="18.977"/>
  <system-out/>
</testsuite> <!-- Partnerspace.T10_partnerspace_download_rightclick_selectdownload -->
