<?xml version="1.0" encoding="UTF-8"?>
<!-- Generated by org.testng.reporters.JUnitReportReporter -->
<testsuite hostname="TKSWS74" failures="0" tests="1" name="myfile.T43_sharelist_folder_rightclick_activitylog_view_downloadCSVfile" time="18.529" errors="0" timestamp="2025-01-29T09:58:04 IST" skipped="0">
  <testcase classname="myfile.T43_sharelist_folder_rightclick_activitylog_view_downloadCSVfile" name="s1_sharelist_activitylog_view_downloadCSVfile" time="18.529"/>
  <system-out/>
</testsuite> <!-- myfile.T43_sharelist_folder_rightclick_activitylog_view_downloadCSVfile -->
