<?xml version="1.0" encoding="UTF-8"?>
<!-- Generated by org.testng.reporters.JUnitReportReporter -->
<testsuite hostname="TKSWS74" failures="0" tests="1" name="sharespace.T13_folder_rightclick_folderactivitylog_open_verifyactionbutton_isenable" time="11.366" errors="0" timestamp="2025-04-28T10:54:12 IST" skipped="0">
  <testcase classname="sharespace.T13_folder_rightclick_folderactivitylog_open_verifyactionbutton_isenable" name="s1_folderactivitylog_open_verifyactionbutton_isenable" time="11.366"/>
  <system-out/>
</testsuite> <!-- sharespace.T13_folder_rightclick_folderactivitylog_open_verifyactionbutton_isenable -->
