<?xml version="1.0" encoding="UTF-8"?>
<!-- Generated by org.testng.reporters.JUnitReportReporter -->
<testsuite hostname="TKSWS74" failures="0" tests="1" name="Projectspace.T37_sharelist_folder_rightclick_linkdetails" time="13.680" errors="0" timestamp="2025-04-30T13:53:28 IST" skipped="0">
  <testcase classname="Projectspace.T37_sharelist_folder_rightclick_linkdetails" name="s1_sharelist_linkdetails_onfolder" time="13.680"/>
  <system-out/>
</testsuite> <!-- Projectspace.T37_sharelist_folder_rightclick_linkdetails -->
