<?xml version="1.0" encoding="UTF-8"?>
<!-- Generated by org.testng.reporters.JUnitReportReporter -->
<testsuite hostname="TKSWS74" failures="0" tests="1" name="sharespace.T35_sharelist_folder_rightclick_linkdetails" time="12.222" errors="0" timestamp="2025-04-28T14:49:46 IST" skipped="0">
  <testcase classname="sharespace.T35_sharelist_folder_rightclick_linkdetails" name="s1_sharelist_linkdetails_onfolder" time="12.222"/>
  <system-out/>
</testsuite> <!-- sharespace.T35_sharelist_folder_rightclick_linkdetails -->
