<?xml version="1.0" encoding="UTF-8"?>
<!-- Generated by org.testng.reporters.JUnitReportReporter -->
<testsuite hostname="TKSWS74" failures="0" tests="1" name="Testcase.Projectspace.T66_bookmark_file_checkoutandcheckin" time="27.436" errors="0" timestamp="2023-08-23T15:05:22 IST" skipped="0">
  <testcase classname="Testcase.Projectspace.T66_bookmark_file_checkoutandcheckin" name="s1_bookmark_file_checkoutandcheckin" time="27.436"/>
  <system-out/>
</testsuite> <!-- Testcase.Projectspace.T66_bookmark_file_checkoutandcheckin -->
