<?xml version="1.0" encoding="UTF-8"?>
<!-- Generated by org.testng.reporters.JUnitReportReporter -->
<testsuite hostname="TKSWS74" failures="0" tests="1" name="Partnerspace.T9_folder_rightclick_selectcreatefolder" time="23.918" errors="0" timestamp="2023-08-25T15:06:19 IST" skipped="0">
  <testcase classname="Partnerspace.T9_folder_rightclick_selectcreatefolder" name="s1_createfolder_onfolderdropdown" time="23.918"/>
  <system-out/>
</testsuite> <!-- Partnerspace.T9_folder_rightclick_selectcreatefolder -->
