<?xml version="1.0" encoding="UTF-8"?>
<!-- Generated by org.testng.reporters.JUnitReportReporter -->
<testsuite hostname="TKSWS74" failures="0" tests="1" name="Projectspace.T44_bookmark_folder_rightclick_download" time="11.261" errors="0" timestamp="2025-04-30T13:53:28 IST" skipped="0">
  <testcase classname="Projectspace.T44_bookmark_folder_rightclick_download" name="s1_bookmark_download" time="11.261"/>
  <system-out/>
</testsuite> <!-- Projectspace.T44_bookmark_folder_rightclick_download -->
