<?xml version="1.0" encoding="UTF-8"?>
<!-- Generated by org.testng.reporters.JUnitReportReporter -->
<testsuite hostname="TKSWS74" failures="0" tests="1" name="Testcase.T12_share_usingfolderdropdown_on_myfile" time="25.935" errors="0" timestamp="2023-03-02T16:26:36 IST" skipped="0">
  <testcase classname="Testcase.T12_share_usingfolderdropdown_on_myfile" name="s1_share_usingfolderdropdown_on_myfile" time="25.935"/>
  <system-out/>
</testsuite> <!-- Testcase.T12_share_usingfolderdropdown_on_myfile -->
