<?xml version="1.0" encoding="UTF-8"?>
<!-- Generated by org.testng.reporters.JUnitReportReporter -->
<testsuite hostname="TKSWS74" failures="0" tests="1" name="testcase.sharespace.T30_activitylog_checkbox_isenable_onfile" time="20.356" errors="0" timestamp="2023-04-03T17:55:47 IST" skipped="0">
  <testcase classname="testcase.sharespace.T30_activitylog_checkbox_isenable_onfile" name="s1_activitylog_checkbox_isenable_onfile" time="20.356"/>
  <system-out/>
</testsuite> <!-- testcase.sharespace.T30_activitylog_checkbox_isenable_onfile -->
