<?xml version="1.0" encoding="UTF-8"?>
<!-- Generated by org.testng.reporters.JUnitReportReporter -->
<testsuite hostname="TKSWS74" failures="0" tests="1" name="Partnerspace.T44_bookmark_folder_rightclick_download" time="13.108" errors="0" timestamp="2025-04-21T16:44:33 IST" skipped="0">
  <testcase classname="Partnerspace.T44_bookmark_folder_rightclick_download" name="s1_bookmark_download" time="13.108"/>
  <system-out/>
</testsuite> <!-- Partnerspace.T44_bookmark_folder_rightclick_download -->
