<?xml version="1.0" encoding="UTF-8"?>
<!-- Generated by org.testng.reporters.JUnitReportReporter -->
<testsuite hostname="TKSWS74" failures="0" tests="1" name="sharespace.T16_folder_rightclick_activitylog_verify_download" time="14.286" errors="0" timestamp="2025-04-28T10:55:34 IST" skipped="0">
  <testcase classname="sharespace.T16_folder_rightclick_activitylog_verify_download" name="s1_activitylog_verify_download" time="14.286"/>
  <system-out/>
</testsuite> <!-- sharespace.T16_folder_rightclick_activitylog_verify_download -->
