<?xml version="1.0" encoding="UTF-8"?>
<!-- Generated by org.testng.reporters.JUnitReportReporter -->
<testsuite hostname="TKSWS74" failures="0" tests="1" name="Projectspace.T4_create_folder_using_createbutton_toprightcorner" time="48.419" errors="0" timestamp="2023-12-12T10:55:07 IST" skipped="0">
  <testcase classname="Projectspace.T4_create_folder_using_createbutton_toprightcorner" name="s1_createfolder" time="48.419"/>
  <system-out/>
</testsuite> <!-- Projectspace.T4_create_folder_using_createbutton_toprightcorner -->
