<?xml version="1.0" encoding="UTF-8"?>
<!-- Generated by org.testng.reporters.JUnitReportReporter -->
<testsuite hostname="TKSWS74" failures="0" tests="1" name="Testcase.Projectspace.T37_sharelist_linkdetails_onfolder" time="18.308" errors="0" timestamp="2023-08-23T14:37:01 IST" skipped="0">
  <testcase classname="Testcase.Projectspace.T37_sharelist_linkdetails_onfolder" name="s1_sharelist_linkdetails_onfolder" time="18.308"/>
  <system-out/>
</testsuite> <!-- Testcase.Projectspace.T37_sharelist_linkdetails_onfolder -->
