<?xml version="1.0" encoding="UTF-8"?>
<!-- Generated by org.testng.reporters.JUnitReportReporter -->
<testsuite hostname="TKSWS74" failures="0" tests="1" name="Partnerspace.T44_bookmark_folder_rightclick_download" time="10.387" errors="0" timestamp="2023-11-07T14:50:05 IST" skipped="0">
  <testcase classname="Partnerspace.T44_bookmark_folder_rightclick_download" name="s1_bookmark_download" time="10.387"/>
  <system-out/>
</testsuite> <!-- Partnerspace.T44_bookmark_folder_rightclick_download -->
