<?xml version="1.0" encoding="UTF-8"?>
<!-- Generated by org.testng.reporters.JUnitReportReporter -->
<testsuite hostname="TKSWS74" failures="0" tests="1" name="testcase.sharespace.T13_folderactivitylog_open_verifyactionbutton_isenable" time="17.540" errors="0" timestamp="2023-04-03T14:46:38 IST" skipped="0">
  <testcase classname="testcase.sharespace.T13_folderactivitylog_open_verifyactionbutton_isenable" name="s1_folderactivitylog_open_verifyactionbutton_isenable" time="17.540"/>
  <system-out/>
</testsuite> <!-- testcase.sharespace.T13_folderactivitylog_open_verifyactionbutton_isenable -->
