<?xml version="1.0" encoding="UTF-8"?>
<!-- Generated by org.testng.reporters.JUnitReportReporter -->
<testsuite hostname="TKSWS74" failures="0" tests="1" name="Projectspace.T62_bookmark_file_rightclick_sendto_sendtosharespace" time="19.033" errors="0" timestamp="2025-04-30T14:58:33 IST" skipped="0">
  <testcase classname="Projectspace.T62_bookmark_file_rightclick_sendto_sendtosharespace" name="s1_bookmark_file_sendtosharespace" time="19.033"/>
  <system-out/>
</testsuite> <!-- Projectspace.T62_bookmark_file_rightclick_sendto_sendtosharespace -->
