<?xml version="1.0" encoding="UTF-8"?>
<!-- Generated by org.testng.reporters.JUnitReportReporter -->
<testsuite hostname="TKSWS74" failures="0" tests="1" name="Testcase.Partnerspace.T61_bookmark_file_sendtoproject" time="20.537" errors="0" timestamp="2023-07-25T13:04:49 IST" skipped="0">
  <testcase classname="Testcase.Partnerspace.T61_bookmark_file_sendtoproject" name="s1_bookmark_file_sendtoproject" time="20.537"/>
  <system-out/>
</testsuite> <!-- Testcase.Partnerspace.T61_bookmark_file_sendtoproject -->
