<?xml version="1.0" encoding="UTF-8"?>
<!-- Generated by org.testng.reporters.JUnitReportReporter -->
<testsuite hostname="TKSWS74" failures="0" tests="1" name="Projectspace.T51_recyclepin_folder_rightclick_delete" time="11.968" errors="0" timestamp="2025-04-30T13:53:28 IST" skipped="0">
  <testcase classname="Projectspace.T51_recyclepin_folder_rightclick_delete" name="s1_recyclepin_delete" time="11.968"/>
  <system-out/>
</testsuite> <!-- Projectspace.T51_recyclepin_folder_rightclick_delete -->
