<?xml version="1.0" encoding="UTF-8"?>
<!-- Generated by org.testng.reporters.JUnitReportReporter -->
<testsuite hostname="TKSWS74" failures="0" tests="1" name="Testcase.sharespace.T3_uploadfile_using_uploadbutton" time="1841.014" errors="0" timestamp="2023-08-24T21:36:32 IST" skipped="0">
  <testcase classname="Testcase.sharespace.T3_uploadfile_using_uploadbutton" name="s1_uploadfile_using_uploadbutton" time="1841.014"/>
  <system-out/>
</testsuite> <!-- Testcase.sharespace.T3_uploadfile_using_uploadbutton -->
