<?xml version="1.0" encoding="UTF-8"?>
<!-- Generated by org.testng.reporters.JUnitReportReporter -->
<testsuite hostname="TKSWS74" failures="0" tests="1" name="Testcase.Partnerspace.T59_bookmark_file_sendtomyfile" time="17.238" errors="0" timestamp="2023-07-25T13:04:49 IST" skipped="0">
  <testcase classname="Testcase.Partnerspace.T59_bookmark_file_sendtomyfile" name="s1_bookmark_file_sendtomyfile" time="17.238"/>
  <system-out/>
</testsuite> <!-- Testcase.Partnerspace.T59_bookmark_file_sendtomyfile -->
