<?xml version="1.0" encoding="UTF-8"?>
<!-- Generated by org.testng.reporters.JUnitReportReporter -->
<testsuite hostname="TKSWS74" failures="0" tests="1" name="Partnerspace.T21_file_rightclick_sendto_sendtomyfiles" time="18.496" errors="0" timestamp="2025-04-22T11:43:47 IST" skipped="0">
  <testcase classname="Partnerspace.T21_file_rightclick_sendto_sendtomyfiles" name="s1_sendto_myfiles_onfile" time="18.496"/>
  <system-out/>
</testsuite> <!-- Partnerspace.T21_file_rightclick_sendto_sendtomyfiles -->
