<?xml version="1.0" encoding="UTF-8"?>
<!-- Generated by org.testng.reporters.JUnitReportReporter -->
<testsuite hostname="TKSWS74" failures="0" tests="1" name="Testcase.myfile.T46_sharelist_sharebyme_quickfilter" time="20.576" errors="0" timestamp="2023-08-24T21:36:32 IST" skipped="0">
  <testcase classname="Testcase.myfile.T46_sharelist_sharebyme_quickfilter" name="s1_sharewithme_openlink" time="20.576"/>
  <system-out/>
</testsuite> <!-- Testcase.myfile.T46_sharelist_sharebyme_quickfilter -->
