<?xml version="1.0" encoding="UTF-8"?>
<!-- Generated by org.testng.reporters.JUnitReportReporter -->
<testsuite hostname="TKSWS74" failures="0" tests="1" name="Testcase.sharespace.T7_createfolder_usingdropdown_onfolder" time="9.829" errors="0" timestamp="2023-08-24T21:36:30 IST" skipped="0">
  <testcase classname="Testcase.sharespace.T7_createfolder_usingdropdown_onfolder" name="s1_createfolder_usingdropdown_onfolder" time="9.829"/>
  <system-out/>
</testsuite> <!-- Testcase.sharespace.T7_createfolder_usingdropdown_onfolder -->
