<?xml version="1.0" encoding="UTF-8"?>
<!-- Generated by org.testng.reporters.JUnitReportReporter -->
<testsuite hostname="TKSWS74" failures="0" tests="1" name="Partnerspace.T67_bookmark_file_rightclick_checkout" time="21.273" errors="0" timestamp="2025-04-22T12:07:19 IST" skipped="0">
  <testcase classname="Partnerspace.T67_bookmark_file_rightclick_checkout" name="s1_bookmark_file_checkoutandundocheckout" time="21.273"/>
  <system-out/>
</testsuite> <!-- Partnerspace.T67_bookmark_file_rightclick_checkout -->
