<?xml version="1.0" encoding="UTF-8"?>
<!-- Generated by org.testng.reporters.JUnitReportReporter -->
<testsuite hostname="TKSWS74" failures="0" tests="1" name="Partnerspace.T32_file_rightclick_fileactivitylog_verifiedcheckbox_isenable" time="14.071" errors="0" timestamp="2023-11-07T14:50:05 IST" skipped="0">
  <testcase classname="Partnerspace.T32_file_rightclick_fileactivitylog_verifiedcheckbox_isenable" name="s1_fileactivitylog_verifiedcheckbox_isenable" time="14.071"/>
  <system-out/>
</testsuite> <!-- Partnerspace.T32_file_rightclick_fileactivitylog_verifiedcheckbox_isenable -->
