<?xml version="1.0" encoding="UTF-8"?>
<!-- Generated by org.testng.reporters.JUnitReportReporter -->
<testsuite hostname="TKSWS74" failures="0" tests="1" name="Partnerspace.T63_bookmark_file_rightclick_sendto_sendtosharespace" time="16.616" errors="0" timestamp="2023-09-07T11:05:40 IST" skipped="0">
  <testcase classname="Partnerspace.T63_bookmark_file_rightclick_sendto_sendtosharespace" name="s1_bookmark_file_sendtosharespace" time="16.616"/>
  <system-out/>
</testsuite> <!-- Partnerspace.T63_bookmark_file_rightclick_sendto_sendtosharespace -->
