<?xml version="1.0" encoding="UTF-8"?>
<!-- Generated by org.testng.reporters.JUnitReportReporter -->
<testsuite hostname="TKSWS74" failures="0" tests="1" name="Projectspace.T50_recyclepin_folder_rightclick_restore" time="18.756" errors="0" timestamp="2025-04-30T10:13:02 IST" skipped="0">
  <testcase classname="Projectspace.T50_recyclepin_folder_rightclick_restore" name="s1_recyclepin_restore" time="18.756"/>
  <system-out/>
</testsuite> <!-- Projectspace.T50_recyclepin_folder_rightclick_restore -->
