<?xml version="1.0" encoding="UTF-8"?>
<!-- Generated by org.testng.reporters.JUnitReportReporter -->
<testsuite hostname="TKSWS74" failures="0" tests="1" name="sharespace.T30_file_rightclick_activitylog_checkbox_isenable_onfile" time="12.740" errors="0" timestamp="2025-04-30T16:18:18 IST" skipped="0">
  <testcase classname="sharespace.T30_file_rightclick_activitylog_checkbox_isenable_onfile" name="s1_activitylog_checkbox_isenable_onfile" time="12.740"/>
  <system-out/>
</testsuite> <!-- sharespace.T30_file_rightclick_activitylog_checkbox_isenable_onfile -->
