<?xml version="1.0" encoding="UTF-8"?>
<!-- Generated by org.testng.reporters.JUnitReportReporter -->
<testsuite hostname="TKSWS74" failures="0" tests="1" name="Testcase.Partnerspace.T70_bookmark_file_createremainder" time="14.645" errors="0" timestamp="2023-08-17T10:56:44 IST" skipped="0">
  <testcase classname="Testcase.Partnerspace.T70_bookmark_file_createremainder" name="s1_bookmark_file_createremainder" time="14.645"/>
  <system-out/>
</testsuite> <!-- Testcase.Partnerspace.T70_bookmark_file_createremainder -->
