<?xml version="1.0" encoding="UTF-8"?>
<!-- Generated by org.testng.reporters.JUnitReportReporter -->
<testsuite hostname="TKSWS74" failures="0" tests="1" name="Partnerspace.T22_file_rightclick_sendto_sendtodepartment" time="16.663" errors="0" timestamp="2023-09-07T11:05:40 IST" skipped="0">
  <testcase classname="Partnerspace.T22_file_rightclick_sendto_sendtodepartment" name="s1_sendto_department_onfile" time="16.663"/>
  <system-out/>
</testsuite> <!-- Partnerspace.T22_file_rightclick_sendto_sendtodepartment -->
