<?xml version="1.0" encoding="UTF-8"?>
<!-- Generated by org.testng.reporters.JUnitReportReporter -->
<testsuite hostname="TKSWS74" failures="0" tests="1" name="myfile.T15_folder_rightclick_clickactionbutton_verifydetails_isdisplayed" time="19.614" errors="0" timestamp="2025-01-27T14:58:45 IST" skipped="0">
  <testcase classname="myfile.T15_folder_rightclick_clickactionbutton_verifydetails_isdisplayed" name="s1_clickactionbutton_verifydetails_isdisplayed" time="19.614"/>
  <system-out/>
</testsuite> <!-- myfile.T15_folder_rightclick_clickactionbutton_verifydetails_isdisplayed -->
