<?xml version="1.0" encoding="UTF-8"?>
<!-- Generated by org.testng.reporters.JUnitReportReporter -->
<testsuite hostname="TKSWS74" failures="0" tests="1" name="Testcase.T13_folderactivitylog_open_verifyactionbutton_isenable" time="17.587" errors="0" timestamp="2023-03-02T16:37:27 IST" skipped="0">
  <testcase classname="Testcase.T13_folderactivitylog_open_verifyactionbutton_isenable" name="s1_folderactivitylog_open_verifyactionbutton_isenable" time="17.587"/>
  <system-out/>
</testsuite> <!-- Testcase.T13_folderactivitylog_open_verifyactionbutton_isenable -->
