<?xml version="1.0" encoding="UTF-8"?>
<!-- Generated by org.testng.reporters.JUnitReportReporter -->
<testsuite hostname="TKSWS74" failures="0" tests="1" name="sharespace.T14_folder_rightclick_activitylog_clickclear_verifyactionbutton_isdisenable" time="13.484" errors="0" timestamp="2025-04-30T16:18:18 IST" skipped="0">
  <testcase classname="sharespace.T14_folder_rightclick_activitylog_clickclear_verifyactionbutton_isdisenable" name="s1_activitylog_clickclear_verifyactionbutton_isdisenable" time="13.484"/>
  <system-out/>
</testsuite> <!-- sharespace.T14_folder_rightclick_activitylog_clickclear_verifyactionbutton_isdisenable -->
