<?xml version="1.0" encoding="UTF-8"?>
<!-- Generated by org.testng.reporters.JUnitReportReporter -->
<testsuite hostname="TKSWS74" failures="0" tests="1" name="Projectspace.T38_sharelist_folder_rightclick_unshare" time="13.838" errors="0" timestamp="2025-04-30T13:53:28 IST" skipped="0">
  <testcase classname="Projectspace.T38_sharelist_folder_rightclick_unshare" name="s1_sharelist_unshare" time="13.838"/>
  <system-out/>
</testsuite> <!-- Projectspace.T38_sharelist_folder_rightclick_unshare -->
