<?xml version="1.0" encoding="UTF-8"?>
<!-- Generated by org.testng.reporters.JUnitReportReporter -->
<testsuite hostname="TKSWS74" failures="0" tests="1" name="Partnerspace.T15_folder_rightclick_folderactivitylog_verify_textbox_isenable" time="13.650" errors="0" timestamp="2025-04-21T10:21:33 IST" skipped="0">
  <testcase classname="Partnerspace.T15_folder_rightclick_folderactivitylog_verify_textbox_isenable" name="s1_folderactivitylog_verify_textbox_isenable" time="13.650"/>
  <system-out/>
</testsuite> <!-- Partnerspace.T15_folder_rightclick_folderactivitylog_verify_textbox_isenable -->
