<?xml version="1.0" encoding="UTF-8"?>
<!-- Generated by org.testng.reporters.JUnitReportReporter -->
<testsuite hostname="TKSWS74" failures="0" tests="1" name="Partnerspace.T47_bookmark_folder_rightclick_delete" time="10.539" errors="0" timestamp="2023-11-07T14:50:05 IST" skipped="0">
  <testcase classname="Partnerspace.T47_bookmark_folder_rightclick_delete" name="s1_deletefolder_onbookmark" time="10.539"/>
  <system-out/>
</testsuite> <!-- Partnerspace.T47_bookmark_folder_rightclick_delete -->
