<?xml version="1.0" encoding="UTF-8"?>
<!-- Generated by org.testng.reporters.JUnitReportReporter -->
<testsuite hostname="TKSWS74" failures="0" tests="1" name="Testcase.T7_createfolder_usingdropdown_onfolder_myfile" time="22.554" errors="0" timestamp="2023-03-02T15:27:27 IST" skipped="0">
  <testcase classname="Testcase.T7_createfolder_usingdropdown_onfolder_myfile" name="s1_createfolder_usingdropdown_onfolder_myfile" time="22.554"/>
  <system-out/>
</testsuite> <!-- Testcase.T7_createfolder_usingdropdown_onfolder_myfile -->
