<?xml version="1.0" encoding="UTF-8"?>
<!-- Generated by org.testng.reporters.JUnitReportReporter -->
<testsuite hostname="TKSWS74" failures="0" tests="1" name="Partnerspace.T70_bookmark_file_rightclick_createremainder" time="14.046" errors="0" timestamp="2025-04-22T12:13:37 IST" skipped="0">
  <testcase classname="Partnerspace.T70_bookmark_file_rightclick_createremainder" name="s1_bookmark_file_createremainder" time="14.046"/>
  <system-out/>
</testsuite> <!-- Partnerspace.T70_bookmark_file_rightclick_createremainder -->
