<?xml version="1.0" encoding="UTF-8"?>
<!-- Generated by org.testng.reporters.JUnitReportReporter -->
<testsuite hostname="TKSWS74" failures="0" tests="1" name="myfile.T31_file_rightclick_sendto_sendtodepartment" time="36.962" errors="0" timestamp="2025-01-28T16:54:15 IST" skipped="0">
  <testcase classname="myfile.T31_file_rightclick_sendto_sendtodepartment" name="s1_verify_sendto_department_onfile" time="36.962"/>
  <system-out/>
</testsuite> <!-- myfile.T31_file_rightclick_sendto_sendtodepartment -->
