<?xml version="1.0" encoding="UTF-8"?>
<!-- Generated by org.testng.reporters.JUnitReportReporter -->
<testsuite hostname="TKSWS74" failures="0" tests="1" name="myfile.T17_create_sdnote_using_createbuttom_toprightcorner" time="12.427" errors="0" timestamp="2025-01-27T14:59:41 IST" skipped="0">
  <testcase classname="myfile.T17_create_sdnote_using_createbuttom_toprightcorner" name="s1_create_sdnote_myfile" time="12.427"/>
  <system-out/>
</testsuite> <!-- myfile.T17_create_sdnote_using_createbuttom_toprightcorner -->
