<?xml version="1.0" encoding="UTF-8"?>
<!-- Generated by org.testng.reporters.JUnitReportReporter -->
<testsuite hostname="TKSWS74" failures="0" tests="1" name="Partnerspace.T67_bookmark_file_rightclick_checkout" time="17.852" errors="0" timestamp="2023-11-07T14:50:05 IST" skipped="0">
  <testcase classname="Partnerspace.T67_bookmark_file_rightclick_checkout" name="s1_bookmark_file_checkoutandundocheckout" time="17.852"/>
  <system-out/>
</testsuite> <!-- Partnerspace.T67_bookmark_file_rightclick_checkout -->
