<?xml version="1.0" encoding="UTF-8"?>
<!-- Generated by org.testng.reporters.JUnitReportReporter -->
<testsuite hostname="TKSWS74" failures="0" tests="1" name="Projectspace.T49_create_sdnote_using_createbutton_toprightcorner" time="14.990" errors="0" timestamp="2025-04-30T13:53:28 IST" skipped="0">
  <testcase classname="Projectspace.T49_create_sdnote_using_createbutton_toprightcorner" name="s1_create_sdnote" time="14.990"/>
  <system-out/>
</testsuite> <!-- Projectspace.T49_create_sdnote_using_createbutton_toprightcorner -->
