<?xml version="1.0" encoding="UTF-8"?>
<!-- Generated by org.testng.reporters.JUnitReportReporter -->
<testsuite hostname="TKSWS74" failures="0" tests="1" name="Projectspace.T56_bookmark_file_rightclick_download" time="11.617" errors="0" timestamp="2025-04-30T14:58:33 IST" skipped="0">
  <testcase classname="Projectspace.T56_bookmark_file_rightclick_download" name="s1_bookmark_file_download" time="11.617"/>
  <system-out/>
</testsuite> <!-- Projectspace.T56_bookmark_file_rightclick_download -->
