<?xml version="1.0" encoding="UTF-8"?>
<!-- Generated by org.testng.reporters.JUnitReportReporter -->
<testsuite hostname="TKSWS74" failures="0" tests="1" name="testcase.sharespace.T8_download_dropdown_onfolder" time="15.750" errors="0" timestamp="2023-04-03T12:41:36 IST" skipped="0">
  <testcase classname="testcase.sharespace.T8_download_dropdown_onfolder" name="s1_download_dropdown_onfolders" time="15.750"/>
  <system-out/>
</testsuite> <!-- testcase.sharespace.T8_download_dropdown_onfolder -->
