<?xml version="1.0" encoding="UTF-8"?>
<!-- Generated by org.testng.reporters.JUnitReportReporter -->
<testsuite hostname="TKSWS74" failures="0" tests="1" name="Testcase.Projectspace.T32_fileactivitylog_verifiedcheckbox_isenable" time="21.821" errors="0" timestamp="2023-08-23T14:37:01 IST" skipped="0">
  <testcase classname="Testcase.Projectspace.T32_fileactivitylog_verifiedcheckbox_isenable" name="s1_fileactivitylog_verifiedcheckbox_isenable" time="21.821"/>
  <system-out/>
</testsuite> <!-- Testcase.Projectspace.T32_fileactivitylog_verifiedcheckbox_isenable -->
