<?xml version="1.0" encoding="UTF-8"?>
<!-- Generated by org.testng.reporters.JUnitReportReporter -->
<testsuite hostname="TKSWS74" failures="0" tests="1" name="testcase.sharespace.T31_activitylog_clickclear_verifyactionbutton_isdisenable" time="24.182" errors="0" timestamp="2023-04-03T17:58:55 IST" skipped="0">
  <testcase classname="testcase.sharespace.T31_activitylog_clickclear_verifyactionbutton_isdisenable" name="s1_activitylog_clickclear_verifyactionbutton_isdisenable" time="24.182"/>
  <system-out/>
</testsuite> <!-- testcase.sharespace.T31_activitylog_clickclear_verifyactionbutton_isdisenable -->
