<?xml version="1.0" encoding="UTF-8"?>
<!-- Generated by org.testng.reporters.JUnitReportReporter -->
<testsuite hostname="TKSWS74" failures="0" tests="1" name="myfile.T34_file_rightclick_sendto_sendtosharespace" time="19.360" errors="0" timestamp="2025-01-29T09:40:35 IST" skipped="0">
  <testcase classname="myfile.T34_file_rightclick_sendto_sendtosharespace" name="s1_verify_sendto_sharespace_onfile" time="19.360"/>
  <system-out/>
</testsuite> <!-- myfile.T34_file_rightclick_sendto_sendtosharespace -->
