<?xml version="1.0" encoding="UTF-8"?>
<!-- Generated by org.testng.reporters.JUnitXMLReporter -->
<testsuite ignored="0" hostname="TKSWS74" failures="1" tests="53" name="Test1" time="908.021" errors="0" timestamp="2023-11-07T14:50:05 IST">
  <testcase classname="Partnerspace.T1_container_open" name="s1_partnerspace_verify_isopen" time="6.97"/>
  <testcase classname="Partnerspace.T2_create_project" name="s1_createproject" time="15.591"/>
  <testcase classname="Partnerspace.T3_projectname_search" name="s1_check_projectsearch" time="10.095"/>
  <testcase classname="Partnerspace.T4_createfolder_using_createbutton_ontoprightcorner" name="s1_createfolder" time="11.283"/>
  <testcase classname="Partnerspace.T5_uploadfile_using_uploadbutton_ontoprightcorner" name="s1_uploadfile_onuploadbutton" time="10.825"/>
  <testcase classname="Partnerspace.T6_upload_filewithmetadata_using_uploadbutton_ontoprightcorner" name="s1_uploadfile_onfilewithmetadata" time="10.896"/>
  <testcase classname="Partnerspace.T7_folder_rightclick_properties" name="s1_properties_onfolder" time="12.214"/>
  <testcase classname="Partnerspace.T8_folder_rightclick_uploadfile" name="s1_uploadfile_onfolderdropdown" time="10.957"/>
  <testcase classname="Partnerspace.T9_folder_rightclick_createfolder" name="s1_createfolder_onfolderdropdown" time="11.547"/>
  <testcase classname="Partnerspace.T10_folder_rightclick_download" name="s1_download_onfolderdropdown" time="9.16"/>
  <testcase classname="Partnerspace.T11_folder_rightclick_rename" name="s1_rename_onfolderdropdown" time="16.444"/>
  <testcase classname="Partnerspace.T12_folder_rightclick_move" name="s1_move_onfolderdropdown" time="21.659"/>
  <testcase classname="Partnerspace.T13_folder_rightclick_delete" name="s1_deletefolder_onfolderdropdown" time="20.192"/>
  <testcase classname="Partnerspace.T15_folder_rightclick_folderactivitylog_verify_textbox_isenable" name="s1_folderactivitylog_verify_textbox_isenable" time="12.759"/>
  <testcase classname="Partnerspace.T16_folder_rightclick_folderactivitylog_clickclear_verify_checkbox_isenable" name="s1_activitylog_clickclear_verify_checkbox_isenable" time="11.158"/>
  <testcase classname="Partnerspace.T17_file_rightclick_preview" name="s1_preview_onfile" time="15.996"/>
  <testcase classname="Partnerspace.T18_file_rightclick_details" name="s1_details_onfile" time="13.709"/>
  <testcase classname="Partnerspace.T19_file_rightclick_download" name="s1_download_onfile" time="11.555"/>
  <testcase classname="Partnerspace.T26_file_rightclick_rename" name="s1_rename_onfile" time="20.919"/>
  <testcase classname="Partnerspace.T27_file_rightclick_move" name="s1_move_onfile" time="21.501"/>
  <testcase classname="Partnerspace.T28_file_rightclick_copy" name="s1_copy_onfile" time="15.462"/>
  <testcase classname="Partnerspace.T29_file_rightclick_checkout" name="s1_checkout_onfile" time="19.232"/>
  <testcase classname="Partnerspace.T30_file_rightclick_lock" name="s1_checklock_unlock_onfile" time="18.073"/>
  <testcase classname="Partnerspace.T31_file_rightclick_delete" name="s1_delete_onfile" time="22.292"/>
  <testcase classname="Partnerspace.T32_file_rightclick_fileactivitylog_verifiedcheckbox_isenable" name="s1_fileactivitylog_verifiedcheckbox_isenable" time="14.071"/>
  <testcase classname="Partnerspace.T33_file_rightclick_fileactivitylog_clear_verifitycheckbox_isenable" name="s1_fileactivitylog_clear_verifitycheckbox_isenable" time="17.036"/>
  <testcase classname="Partnerspace.T37_sharelist_folder_rightclick_linkdetails" name="s1_sharelist_linkdetails_onfolder" time="10.063"/>
  <testcase classname="Partnerspace.T38_sharelist_folder_rightclick_unshare" name="s1_sharelist_unshare" time="9.179"/>
  <testcase classname="Partnerspace.T39_sharelist_folder_rightclick_gotolocation" name="s1_sharelist_gotolocation" time="9.796"/>
  <testcase classname="Partnerspace.T40_sharelist_quickfilter" name="s1_sharelist_quickfilter" time="15.506"/>
  <testcase classname="Partnerspace.T41_sharelist_sortby" name="s1_sharelist_sortby" time="17.588"/>
  <testcase classname="Partnerspace.T42_bookmark_folder_rightclick_uploadfile" name="s1_bookmark_uploadfile" time="11.522"/>
  <testcase classname="Partnerspace.T43_bookmark_folder_rightclick_createfolder" name="s1_bookmark_createfolder" time="10.794"/>
  <testcase classname="Partnerspace.T44_bookmark_folder_rightclick_download" name="s1_bookmark_download" time="10.387"/>
  <testcase classname="Partnerspace.T45_bookmark_folder_rightclick_rename" name="s1_rename_onbookmark" time="11.527"/>
  <testcase classname="Partnerspace.T46_bookmark_folder_rightclick_move" name="s1_movefolder_onbookmark" time="9.918"/>
  <testcase classname="Partnerspace.T47_bookmark_folder_rightclick_delete" name="s1_deletefolder_onbookmark" time="10.539"/>
  <testcase classname="Partnerspace.T49_create_sdnote" name="s1_create_sdnote" time="10.143"/>
  <testcase classname="Partnerspace.T50_recyclepin_folder_rightclick_restore" name="s1_recyclepin_restore" time="13.876"/>
  <testcase classname="Partnerspace.T51_recyclepin_folder_rightclick_delete" name="s1_recyclepin_delete" time="10.329"/>
  <testcase classname="Partnerspace.T52_member_Adduser" name="s1_Adduser_inmember" time="15.784"/>
  <testcase classname="Partnerspace.T53_member_Addgroup" name="s1_Addgroup_inmember" time="16.404"/>
  <testcase classname="Partnerspace.T54_member_addpartner" name="s1_addpartner_member" time="13.763"/>
  <testcase classname="Partnerspace.T55_bookmark_file_rightclick_preview" name="s1_bookmark_file_preview" time="11.435"/>
  <testcase classname="Partnerspace.T56_bookmark_file_rightclick_details" name="s1_bookmark_file_details" time="9.185"/>
  <testcase classname="Partnerspace.T57_bookmark_file_rightclick_download" name="s1_bookmark_file_download" time="9.016"/>
  <testcase classname="Partnerspace.T64_bookmark_file_rightclick_rename" name="s1_bookmark_file_rename" time="8.846"/>
  <testcase classname="Partnerspace.T65_bookmark_file_rightclick_move" name="s1_bookmark_file_move" time="11.991"/>
  <testcase classname="Partnerspace.T66_bookmark_file_rightclick_copy" name="s1_bookmark_file_copy" time="11.43"/>
  <testcase classname="Partnerspace.T67_bookmark_file_rightclick_checkout" name="s1_bookmark_file_checkoutandundocheckout" time="17.852"/>
  <testcase classname="Partnerspace.T69_bookmark_file_rightclick_delete" name="s1_bookmark_file_delete" time="68.678">
    <failure type="org.openqa.selenium.TimeoutException" message="Expected condition failed: waiting for element to be clickable: Proxy element for: DefaultElementLocator &amp;apos;By.id: delete_save_btn&amp;apos; (tried for 30 second(s) with 500 milliseconds interval)">
      <![CDATA[org.openqa.selenium.TimeoutException: Expected condition failed: waiting for element to be clickable: Proxy element for: DefaultElementLocator 'By.id: delete_save_btn' (tried for 30 second(s) with 500 milliseconds interval)
at org.openqa.selenium.support.ui.WebDriverWait.timeoutException(WebDriverWait.java:87)
at org.openqa.selenium.support.ui.FluentWait.until(FluentWait.java:231)
at DMS_page.utility.clickWithWait(utility.java:17)
at Partnerspace.T69_bookmark_file_rightclick_delete.s1_bookmark_file_delete(T69_bookmark_file_rightclick_delete.java:59)
at java.base/java.util.ArrayList.forEach(ArrayList.java:1511)
Caused by: org.openqa.selenium.NoSuchElementException: no such element: Unable to locate element: {"method":"css selector","selector":"#delete_save_btn"}
  (Session info: chrome=113.0.5672.126)
For documentation on this error, please visit: https://selenium.dev/exceptions/#no_such_element
Build info: version: '4.8.1', revision: '8ebccac989'
System info: os.name: 'Linux', os.arch: 'amd64', os.version: '5.15.0-84-generic', java.version: '17.0.5'
Driver info: org.openqa.selenium.chrome.ChromeDriver
Command: [e7a840e8060c57dd102befa16dd1748a, findElement {using=id, value=delete_save_btn}]
Capabilities {acceptInsecureCerts: false, browserName: chrome, browserVersion: 113.0.5672.126, chrome: {chromedriverVersion: 113.0.5672.63 (0e1a4471d5ae..., userDataDir: /tmp/.com.google.Chrome.EXpVta}, goog:chromeOptions: {debuggerAddress: localhost:44065}, networkConnectionEnabled: false, pageLoadStrategy: normal, platformName: LINUX, proxy: Proxy(), se:cdp: ws://localhost:44065/devtoo..., se:cdpVersion: 113.0.5672.126, setWindowRect: true, strictFileInteractability: false, timeouts: {implicit: 0, pageLoad: 300000, script: 30000}, unhandledPromptBehavior: dismiss and notify, webauthn:extension:credBlob: true, webauthn:extension:largeBlob: true, webauthn:extension:minPinLength: true, webauthn:extension:prf: true, webauthn:virtualAuthenticators: true}
Session ID: e7a840e8060c57dd102befa16dd1748a
at org.openqa.selenium.remote.codec.w3c.W3CHttpResponseCodec.createException(W3CHttpResponseCodec.java:200)
at org.openqa.selenium.remote.codec.w3c.W3CHttpResponseCodec.decode(W3CHttpResponseCodec.java:133)
at org.openqa.selenium.remote.codec.w3c.W3CHttpResponseCodec.decode(W3CHttpResponseCodec.java:53)
at org.openqa.selenium.remote.HttpCommandExecutor.execute(HttpCommandExecutor.java:184)
at org.openqa.selenium.remote.service.DriverCommandExecutor.invokeExecute(DriverCommandExecutor.java:167)
at org.openqa.selenium.remote.service.DriverCommandExecutor.execute(DriverCommandExecutor.java:142)
at org.openqa.selenium.remote.RemoteWebDriver.execute(RemoteWebDriver.java:543)
at org.openqa.selenium.remote.ElementLocation$ElementFinder$2.findElement(ElementLocation.java:162)
at org.openqa.selenium.remote.ElementLocation.findElement(ElementLocation.java:60)
at org.openqa.selenium.remote.RemoteWebDriver.findElement(RemoteWebDriver.java:352)
at org.openqa.selenium.remote.RemoteWebDriver.findElement(RemoteWebDriver.java:344)
at org.openqa.selenium.support.pagefactory.DefaultElementLocator.findElement(DefaultElementLocator.java:70)
at org.openqa.selenium.support.pagefactory.internal.LocatingElementHandler.invoke(LocatingElementHandler.java:39)
at jdk.proxy2/jdk.proxy2.$Proxy18.isDisplayed(Unknown Source)
at org.openqa.selenium.support.ui.ExpectedConditions.elementIfVisible(ExpectedConditions.java:307)
at org.openqa.selenium.support.ui.ExpectedConditions.access$000(ExpectedConditions.java:40)
at org.openqa.selenium.support.ui.ExpectedConditions$10.apply(ExpectedConditions.java:293)
at org.openqa.selenium.support.ui.ExpectedConditions$10.apply(ExpectedConditions.java:290)
at org.openqa.selenium.support.ui.ExpectedConditions$23.apply(ExpectedConditions.java:660)
at org.openqa.selenium.support.ui.ExpectedConditions$23.apply(ExpectedConditions.java:656)
at org.openqa.selenium.support.ui.FluentWait.until(FluentWait.java:208)
... 30 more
... Removed 32 stack frames]]>
    </failure>
  </testcase> <!-- s1_bookmark_file_delete -->
  <testcase classname="Partnerspace.T71_members_user_delete" name="s1_members_searchanddelete" time="13.144"/>
  <testcase classname="Partnerspace.T72_members_group_delete" name="s1_members_group_searchanddelete" time="14.189"/>
</testsuite> <!-- Test1 -->
