<?xml version="1.0" encoding="UTF-8"?>
<!-- Generated by org.testng.reporters.JUnitXMLReporter -->
<testsuite ignored="0" hostname="TKSWS74" failures="11" tests="59" name="Test1" time="1725.66" errors="0" timestamp="2025-04-30T16:18:18 IST">
  <testcase classname="sharespace.T1_container_open" name="s1_Department_open" time="8.163"/>
  <testcase classname="sharespace.T2_create_folder_using_createbutton_toprightcorner" name="s1_create_folder_using_createbutton" time="14.768"/>
  <testcase classname="sharespace.T3_uploadfile_using_uploadbutton_toprightcorner" name="s1_uploadfile_using_uploadbutton" time="12.736"/>
  <testcase classname="sharespace.T4_upload_filemetadata_using_uploadbutton_toprightcorner" name="s1_uploadfilemetadata_usinguploadbutton" time="12.942"/>
  <testcase classname="sharespace.T5_folder_rightclick_properties" name="s1_check_properties_onfolder" time="13.333"/>
  <testcase classname="sharespace.T6_folder_rightclick_uploadfile" name="s1_uploadfile_usingdropdown_folder" time="11.676"/>
  <testcase classname="sharespace.T7_folder_rightclick_createfolder" name="s1_createfolder_usingdropdown_onfolder" time="12.451"/>
  <testcase classname="sharespace.T8_folder_rightclick_download" name="s1_download_dropdown_onfolders" time="9.113"/>
  <testcase classname="sharespace.T9_folder_rightclick_rename" name="s1_rename_dropdown_onfolder" time="14.061"/>
  <testcase classname="sharespace.T10_folder_rightclick_move" name="s1_move_dropdown_onfolder" time="18.406"/>
  <testcase classname="sharespace.T11_folder_rightclick_delete" name="s1_deletedropdown_onfolder" time="19.841"/>
  <testcase classname="sharespace.T12_folder_rightclick_share" name="s1_share_usingdropdown_onfolder" time="22.146"/>
  <testcase classname="sharespace.T13_folder_rightclick_folderactivitylog_open_verifyactionbutton_isenable" name="s1_folderactivitylog_open_verifyactionbutton_isenable" time="12.205"/>
  <testcase classname="sharespace.T14_folder_rightclick_activitylog_clickclear_verifyactionbutton_isdisenable" name="s1_activitylog_clickclear_verifyactionbutton_isdisenable" time="13.484"/>
  <testcase classname="sharespace.T15_folder_rightclick_folderactivitylog_clickactionbutton_verifydetails_isdisplayed" name="s1_clickactionbutton_verifydetails_isdisplayed" time="16.03"/>
  <testcase classname="sharespace.T16_folder_rightclick_activitylog_verify_download" name="s1_activitylog_verify_download" time="13.713"/>
  <testcase classname="sharespace.T17_file_rightclick_preview" name="s1_verifypreview_infile" time="20.049"/>
  <testcase classname="sharespace.T18_file_rightclick_details" name="s1_verify_details_infile" time="14.836"/>
  <testcase classname="sharespace.T19_file_rightclick_download" name="s1_verify_download_onfile" time="15.898"/>
  <testcase classname="sharespace.T20_file_rightclick_share" name="s1_share_infile" time="24.651"/>
  <testcase classname="sharespace.T21_files_rightclick_sendto_sendtomyfiles" name="s1_sendto_myfiles" time="14.23"/>
  <testcase classname="sharespace.T23_files_rightclick_sendto_sendtoproject" name="s1_sendto_project" time="13.105">
    <failure type="java.lang.AssertionError" message="expected [file sharedto :project successfully.] but found [file sharedto :partner space successfully]">
      <![CDATA[java.lang.AssertionError: expected [file sharedto :project successfully.] but found [file sharedto :partner space successfully]
at sharespace.T23_files_rightclick_sendto_sendtoproject.s1_sendto_project(T23_files_rightclick_sendto_sendtoproject.java:61)
at java.base/java.util.ArrayList.forEach(ArrayList.java:1511)
... Removed 33 stack frames]]>
    </failure>
  </testcase> <!-- s1_sendto_project -->
  <testcase classname="sharespace.T24_files_rightclick_sendto_sendtopartner" name="s1_sendto_partner" time="15.253">
    <failure type="java.lang.AssertionError" message="expected [file sharedto :partner space successfully.] but found [file sharedto :partner space successfully]">
      <![CDATA[java.lang.AssertionError: expected [file sharedto :partner space successfully.] but found [file sharedto :partner space successfully]
at sharespace.T24_files_rightclick_sendto_sendtopartner.s1_sendto_partner(T24_files_rightclick_sendto_sendtopartner.java:63)
at java.base/java.util.ArrayList.forEach(ArrayList.java:1511)
... Removed 33 stack frames]]>
    </failure>
  </testcase> <!-- s1_sendto_partner -->
  <testcase classname="sharespace.T25_file_rightclick_rename" name="s1_rename_onfile" time="21.774">
    <failure type="java.lang.AssertionError" message="expected [file is renamed successfully.] but found [file is renamed successfully]">
      <![CDATA[java.lang.AssertionError: expected [file is renamed successfully.] but found [file is renamed successfully]
at sharespace.T25_file_rightclick_rename.s1_rename_onfile(T25_file_rightclick_rename.java:83)
at java.base/java.util.ArrayList.forEach(ArrayList.java:1511)
... Removed 33 stack frames]]>
    </failure>
  </testcase> <!-- s1_rename_onfile -->
  <testcase classname="sharespace.T26_file_rightclick_move" name="s1_move_onfile" time="660.654">
    <failure type="org.openqa.selenium.NoSuchElementException" message="no such element: Unable to locate element: {&amp;quot;method&amp;quot;:&amp;quot;css selector&amp;quot;,&amp;quot;selector&amp;quot;:&amp;quot;#createfolder_name_txt&amp;quot;}
  (Session info: chrome=120.0.6099.109)
For documentation on this error, please visit: https://selenium.dev/exceptions/#no_such_element
Build info: version: &amp;apos;4.8.1&amp;apos;, revision: &amp;apos;8ebccac989&amp;apos;
System info: os.name: &amp;apos;Linux&amp;apos;, os.arch: &amp;apos;amd64&amp;apos;, os.version: &amp;apos;5.15.0-138-generic&amp;apos;, java.version: &amp;apos;17.0.5&amp;apos;
Driver info: org.openqa.selenium.chrome.ChromeDriver
Command: [c601f9cea925ebafb659bdaf00490a10, findElement {using=id, value=createfolder_name_txt}]
Capabilities {acceptInsecureCerts: false, browserName: chrome, browserVersion: 120.0.6099.109, chrome: {chromedriverVersion: 120.0.6099.109 (3419140ab66..., userDataDir: /tmp/.org.chromium.Chromium...}, fedcm:accounts: true, goog:chromeOptions: {debuggerAddress: localhost:37657}, networkConnectionEnabled: false, pageLoadStrategy: normal, platformName: LINUX, proxy: Proxy(), se:cdp: ws://localhost:37657/devtoo..., se:cdpVersion: 120.0.6099.109, setWindowRect: true, strictFileInteractability: false, timeouts: {implicit: 0, pageLoad: 300000, script: 30000}, unhandledPromptBehavior: dismiss and notify, webauthn:extension:credBlob: true, webauthn:extension:largeBlob: true, webauthn:extension:minPinLength: true, webauthn:extension:prf: true, webauthn:virtualAuthenticators: true}
Session ID: c601f9cea925ebafb659bdaf00490a10">
      <![CDATA[org.openqa.selenium.NoSuchElementException: no such element: Unable to locate element: {"method":"css selector","selector":"#createfolder_name_txt"}
  (Session info: chrome=120.0.6099.109)
For documentation on this error, please visit: https://selenium.dev/exceptions/#no_such_element
Build info: version: '4.8.1', revision: '8ebccac989'
System info: os.name: 'Linux', os.arch: 'amd64', os.version: '5.15.0-138-generic', java.version: '17.0.5'
Driver info: org.openqa.selenium.chrome.ChromeDriver
Command: [c601f9cea925ebafb659bdaf00490a10, findElement {using=id, value=createfolder_name_txt}]
Capabilities {acceptInsecureCerts: false, browserName: chrome, browserVersion: 120.0.6099.109, chrome: {chromedriverVersion: 120.0.6099.109 (3419140ab66..., userDataDir: /tmp/.org.chromium.Chromium...}, fedcm:accounts: true, goog:chromeOptions: {debuggerAddress: localhost:37657}, networkConnectionEnabled: false, pageLoadStrategy: normal, platformName: LINUX, proxy: Proxy(), se:cdp: ws://localhost:37657/devtoo..., se:cdpVersion: 120.0.6099.109, setWindowRect: true, strictFileInteractability: false, timeouts: {implicit: 0, pageLoad: 300000, script: 30000}, unhandledPromptBehavior: dismiss and notify, webauthn:extension:credBlob: true, webauthn:extension:largeBlob: true, webauthn:extension:minPinLength: true, webauthn:extension:prf: true, webauthn:virtualAuthenticators: true}
Session ID: c601f9cea925ebafb659bdaf00490a10
at org.openqa.selenium.remote.codec.w3c.W3CHttpResponseCodec.createException(W3CHttpResponseCodec.java:200)
at org.openqa.selenium.remote.codec.w3c.W3CHttpResponseCodec.decode(W3CHttpResponseCodec.java:133)
at org.openqa.selenium.remote.codec.w3c.W3CHttpResponseCodec.decode(W3CHttpResponseCodec.java:53)
at org.openqa.selenium.remote.HttpCommandExecutor.execute(HttpCommandExecutor.java:184)
at org.openqa.selenium.remote.service.DriverCommandExecutor.invokeExecute(DriverCommandExecutor.java:167)
at org.openqa.selenium.remote.service.DriverCommandExecutor.execute(DriverCommandExecutor.java:142)
at org.openqa.selenium.remote.RemoteWebDriver.execute(RemoteWebDriver.java:543)
at org.openqa.selenium.remote.ElementLocation$ElementFinder$2.findElement(ElementLocation.java:162)
at org.openqa.selenium.remote.ElementLocation.findElement(ElementLocation.java:60)
at org.openqa.selenium.remote.RemoteWebDriver.findElement(RemoteWebDriver.java:352)
at org.openqa.selenium.remote.RemoteWebDriver.findElement(RemoteWebDriver.java:344)
at org.openqa.selenium.support.pagefactory.DefaultElementLocator.findElement(DefaultElementLocator.java:70)
at org.openqa.selenium.support.pagefactory.internal.LocatingElementHandler.invoke(LocatingElementHandler.java:39)
at jdk.proxy2/jdk.proxy2.$Proxy18.sendKeys(Unknown Source)
at sharespace.T26_file_rightclick_move.s1_move_onfile(T26_file_rightclick_move.java:48)
at java.base/java.util.ArrayList.forEach(ArrayList.java:1511)
... Removed 32 stack frames]]>
    </failure>
  </testcase> <!-- s1_move_onfile -->
  <testcase classname="sharespace.T27_file_rightclick_copy" name="s1_copy_onfile" time="14.398"/>
  <testcase classname="sharespace.T28_file_rightclick_delete" name="s1_delete_onfile" time="20.802"/>
  <testcase classname="sharespace.T29_file_rightclick_lock" name="s1_lock_unlock_onfile" time="18.487"/>
  <testcase classname="sharespace.T30_file_rightclick_activitylog_checkbox_isenable_onfile" name="s1_activitylog_checkbox_isenable_onfile" time="12.74"/>
  <testcase classname="sharespace.T31_file_rightclick_activitylog_clickclear_verifyactionbutton_isdisenable" name="s1_activitylog_clickclear_verifyactionbutton_isdisenable" time="13.459"/>
  <testcase classname="sharespace.T32_file_rightclick_createremainder" name="s1_createremainder_onfile" time="15.64"/>
  <testcase classname="sharespace.T35_sharelist_folder_rightclick_linkdetails" name="s1_sharelist_linkdetails_onfolder" time="11.542"/>
  <testcase classname="sharespace.T36_sharelist_folder_rightclick_unshare" name="s1_sharelist_unshare" time="11.916"/>
  <testcase classname="sharespace.T37_sharelist_folder_rightclick_gotolocation" name="s1_sharelist_gotolocation" time="12.091"/>
  <testcase classname="sharespace.T38_sharelist_quickfilter" name="s1_sharelist_quickfilter" time="17.648"/>
  <testcase classname="sharespace.T39_sharelist_sortby" name="s1_sharelist_sortby" time="19.476"/>
  <testcase classname="sharespace.T40_bookmark_folder_rightclick_uploadfile" name="s1_bookmark_uploadfile" time="12.919"/>
  <testcase classname="sharespace.T41_bookmark_folder_rightclick_createfolder" name="s1_bookmark_createfolder" time="13.217"/>
  <testcase classname="sharespace.T42_bookmark_folder_rightclick_download" name="s1_bookmark_download" time="11.943"/>
  <testcase classname="sharespace.T43_bookmark_folder_rightclick_rename" name="s1_rename_onbookmark" time="11.227"/>
  <testcase classname="sharespace.T44_bookmark_folder_rightclick_move" name="s1_movefolder_onbookmark" time="13.838"/>
  <testcase classname="sharespace.T45_bookmark_folder_rightclick_delete" name="s1_deletefolder_onbookmark" time="11.288"/>
  <testcase classname="sharespace.T46_bookmark_folder_rightclick_share" name="s1_share_onbookmark" time="19.397"/>
  <testcase classname="sharespace.T47_create_sdnote_using_createbutton_toprightcorner" name="s1_create_sdnote" time="14.032"/>
  <testcase classname="sharespace.T48_recyclepin_folder_rightclick_restore" name="s1_recyclepin_restore" time="15.651">
    <failure type="java.lang.AssertionError" message="expected [file/folder restored successfully] but found [successfully restored from recycle bin.]">
      <![CDATA[java.lang.AssertionError: expected [file/folder restored successfully] but found [successfully restored from recycle bin.]
at sharespace.T48_recyclepin_folder_rightclick_restore.s1_recyclepin_restore(T48_recyclepin_folder_rightclick_restore.java:50)
at java.base/java.util.ArrayList.forEach(ArrayList.java:1511)
... Removed 33 stack frames]]>
    </failure>
  </testcase> <!-- s1_recyclepin_restore -->
  <testcase classname="sharespace.T49_recyclepin_folder_rightclick_delete" name="s1_recyclepin_delete" time="11.872"/>
  <testcase classname="sharespace.T50_bookmark_file_rightclick_preview" name="s1_bookmark_file_preview" time="14.634"/>
  <testcase classname="sharespace.T51_bookmark_file_rightclick_details" name="s1_bookmark_file_details" time="10.42"/>
  <testcase classname="sharespace.T52_bookmark_file_rightclick_download" name="s1_bookmark_file_download" time="11.456"/>
  <testcase classname="sharespace.T53_bookmark_file_rightclick_share" name="s1_bookmark_file_share" time="19.82"/>
  <testcase classname="sharespace.T54_bookmark_file_rightclick_sendto_sendtomyfile" name="s1_bookmark_file_sendtomyfile" time="14.586">
    <failure type="java.lang.AssertionError" message="expected [file sharedto :myfiles successfully.] but found [server encountered an error and was unable to complete your request.]">
      <![CDATA[java.lang.AssertionError: expected [file sharedto :myfiles successfully.] but found [server encountered an error and was unable to complete your request.]
at sharespace.T54_bookmark_file_rightclick_sendto_sendtomyfile.s1_bookmark_file_sendtomyfile(T54_bookmark_file_rightclick_sendto_sendtomyfile.java:62)
at java.base/java.util.ArrayList.forEach(ArrayList.java:1511)
... Removed 33 stack frames]]>
    </failure>
  </testcase> <!-- s1_bookmark_file_sendtomyfile -->
  <testcase classname="sharespace.T56_bookmark_file_rightclick_sendto_sendtoproject" name="s1_bookmark_file_sendtoproject" time="14.874">
    <failure type="java.lang.AssertionError" message="expected [file sharedto :project successfully.] but found [server encountered an error and was unable to complete your request.]">
      <![CDATA[java.lang.AssertionError: expected [file sharedto :project successfully.] but found [server encountered an error and was unable to complete your request.]
at sharespace.T56_bookmark_file_rightclick_sendto_sendtoproject.s1_bookmark_file_sendtoproject(T56_bookmark_file_rightclick_sendto_sendtoproject.java:62)
at java.base/java.util.ArrayList.forEach(ArrayList.java:1511)
... Removed 33 stack frames]]>
    </failure>
  </testcase> <!-- s1_bookmark_file_sendtoproject -->
  <testcase classname="sharespace.T57_bookmark_file_rightclick_sendto_sendtopartner" name="s1_bookmark_file_sendtopartner" time="13.524">
    <failure type="java.lang.AssertionError" message="expected [file sharedto :partner space successfully.] but found []">
      <![CDATA[java.lang.AssertionError: expected [file sharedto :partner space successfully.] but found []
at sharespace.T57_bookmark_file_rightclick_sendto_sendtopartner.s1_bookmark_file_sendtopartner(T57_bookmark_file_rightclick_sendto_sendtopartner.java:62)
at java.base/java.util.ArrayList.forEach(ArrayList.java:1511)
... Removed 33 stack frames]]>
    </failure>
  </testcase> <!-- s1_bookmark_file_sendtopartner -->
  <testcase classname="sharespace.T58_bookmark_file_rightclick_rename" name="s1_bookmark_file_rename" time="12.253">
    <failure type="java.lang.AssertionError" message="expected [file is renamed successfully.] but found [file is renamed successfully]">
      <![CDATA[java.lang.AssertionError: expected [file is renamed successfully.] but found [file is renamed successfully]
at sharespace.T58_bookmark_file_rightclick_rename.s1_bookmark_file_rename(T58_bookmark_file_rightclick_rename.java:62)
at java.base/java.util.ArrayList.forEach(ArrayList.java:1511)
... Removed 33 stack frames]]>
    </failure>
  </testcase> <!-- s1_bookmark_file_rename -->
  <testcase classname="sharespace.T59_bookmark_file_rightclick_move" name="s1_bookmark_file_move" time="14.48"/>
  <testcase classname="sharespace.T60_bookmark_file_rightclick_copy" name="s1_bookmark_file_copy" time="12.635">
    <failure type="java.lang.AssertionError" message="expected [file(s) copied successfully] but found [server encountered an error and was unable to complete your request.]">
      <![CDATA[java.lang.AssertionError: expected [file(s) copied successfully] but found [server encountered an error and was unable to complete your request.]
at sharespace.T60_bookmark_file_rightclick_copy.s1_bookmark_file_copy(T60_bookmark_file_rightclick_copy.java:60)
at java.base/java.util.ArrayList.forEach(ArrayList.java:1511)
... Removed 33 stack frames]]>
    </failure>
  </testcase> <!-- s1_bookmark_file_copy -->
  <testcase classname="sharespace.T61_bookmark_file_rightclick_delete" name="s1_bookmark_file_delete" time="15.283"/>
  <testcase classname="sharespace.T62_bookmark_file_rightclick_createremainder" name="s1_sharewithme_openlink" time="14.681"/>
  <testcase classname="sharespace.T63_bookmark_file_partnerspace" name="s1_bookmark_file_partnerspace" time="40.873">
    <failure type="org.openqa.selenium.json.JsonException" message="java.lang.reflect.InvocationTargetException
Build info: version: &amp;apos;4.8.1&amp;apos;, revision: &amp;apos;8ebccac989&amp;apos;
System info: os.name: &amp;apos;Linux&amp;apos;, os.arch: &amp;apos;amd64&amp;apos;, os.version: &amp;apos;5.15.0-138-generic&amp;apos;, java.version: &amp;apos;17.0.5&amp;apos;
Driver info: org.openqa.selenium.chrome.ChromeDriver
Command: [e60ec99669e600304172c33a6a37770e, actions {actions=[org.openqa.selenium.interactions.Sequence@38b0f7f5]}]
Capabilities {acceptInsecureCerts: false, browserName: chrome, browserVersion: 120.0.6099.109, chrome: {chromedriverVersion: 120.0.6099.109 (3419140ab66..., userDataDir: /tmp/.org.chromium.Chromium...}, fedcm:accounts: true, goog:chromeOptions: {debuggerAddress: localhost:42429}, networkConnectionEnabled: false, pageLoadStrategy: normal, platformName: LINUX, proxy: Proxy(), se:cdp: ws://localhost:42429/devtoo..., se:cdpVersion: 120.0.6099.109, setWindowRect: true, strictFileInteractability: false, timeouts: {implicit: 0, pageLoad: 300000, script: 30000}, unhandledPromptBehavior: dismiss and notify, webauthn:extension:credBlob: true, webauthn:extension:largeBlob: true, webauthn:extension:minPinLength: true, webauthn:extension:prf: true, webauthn:virtualAuthenticators: true}
Session ID: e60ec99669e600304172c33a6a37770e">
      <![CDATA[org.openqa.selenium.json.JsonException: java.lang.reflect.InvocationTargetException
Build info: version: '4.8.1', revision: '8ebccac989'
System info: os.name: 'Linux', os.arch: 'amd64', os.version: '5.15.0-138-generic', java.version: '17.0.5'
Driver info: org.openqa.selenium.chrome.ChromeDriver
Command: [e60ec99669e600304172c33a6a37770e, actions {actions=[org.openqa.selenium.interactions.Sequence@38b0f7f5]}]
Capabilities {acceptInsecureCerts: false, browserName: chrome, browserVersion: 120.0.6099.109, chrome: {chromedriverVersion: 120.0.6099.109 (3419140ab66..., userDataDir: /tmp/.org.chromium.Chromium...}, fedcm:accounts: true, goog:chromeOptions: {debuggerAddress: localhost:42429}, networkConnectionEnabled: false, pageLoadStrategy: normal, platformName: LINUX, proxy: Proxy(), se:cdp: ws://localhost:42429/devtoo..., se:cdpVersion: 120.0.6099.109, setWindowRect: true, strictFileInteractability: false, timeouts: {implicit: 0, pageLoad: 300000, script: 30000}, unhandledPromptBehavior: dismiss and notify, webauthn:extension:credBlob: true, webauthn:extension:largeBlob: true, webauthn:extension:minPinLength: true, webauthn:extension:prf: true, webauthn:virtualAuthenticators: true}
Session ID: e60ec99669e600304172c33a6a37770e
at org.openqa.selenium.json.JsonOutput.convertUsingMethod(JsonOutput.java:362)
at org.openqa.selenium.json.JsonOutput.lambda$new$16(JsonOutput.java:154)
at org.openqa.selenium.json.JsonOutput.write(JsonOutput.java:287)
at org.openqa.selenium.json.JsonOutput.lambda$new$22(JsonOutput.java:169)
at java.base/java.util.stream.ForEachOps$ForEachOp$OfRef.accept(ForEachOps.java:183)
at java.base/java.util.stream.ReferencePipeline$2$1.accept(ReferencePipeline.java:179)
at java.base/java.util.Iterator.forEachRemaining(Iterator.java:133)
at java.base/java.util.Spliterators$IteratorSpliterator.forEachRemaining(Spliterators.java:1845)
at java.base/java.util.stream.AbstractPipeline.copyInto(AbstractPipeline.java:509)
at java.base/java.util.stream.AbstractPipeline.wrapAndCopyInto(AbstractPipeline.java:499)
at java.base/java.util.stream.ForEachOps$ForEachOp.evaluateSequential(ForEachOps.java:150)
at java.base/java.util.stream.ForEachOps$ForEachOp$OfRef.evaluateSequential(ForEachOps.java:173)
at java.base/java.util.stream.AbstractPipeline.evaluate(AbstractPipeline.java:234)
at java.base/java.util.stream.ReferencePipeline.forEach(ReferencePipeline.java:596)
at org.openqa.selenium.json.JsonOutput.lambda$new$23(JsonOutput.java:169)
at org.openqa.selenium.json.JsonOutput.write(JsonOutput.java:287)
at org.openqa.selenium.json.JsonOutput.lambda$new$24(JsonOutput.java:182)
at com.google.common.collect.SingletonImmutableBiMap.forEach(SingletonImmutableBiMap.java:68)
at org.openqa.selenium.json.JsonOutput.lambda$new$25(JsonOutput.java:177)
at org.openqa.selenium.json.JsonOutput.write(JsonOutput.java:287)
at org.openqa.selenium.json.JsonOutput.write(JsonOutput.java:278)
at org.openqa.selenium.json.Json.toJson(Json.java:42)
at org.openqa.selenium.remote.codec.AbstractHttpCommandCodec.encode(AbstractHttpCommandCodec.java:259)
at org.openqa.selenium.remote.codec.AbstractHttpCommandCodec.encode(AbstractHttpCommandCodec.java:122)
at org.openqa.selenium.remote.HttpCommandExecutor.execute(HttpCommandExecutor.java:172)
at org.openqa.selenium.remote.service.DriverCommandExecutor.invokeExecute(DriverCommandExecutor.java:167)
at org.openqa.selenium.remote.service.DriverCommandExecutor.execute(DriverCommandExecutor.java:142)
at org.openqa.selenium.remote.RemoteWebDriver.execute(RemoteWebDriver.java:543)
at org.openqa.selenium.remote.RemoteWebDriver.perform(RemoteWebDriver.java:611)
at org.openqa.selenium.interactions.Actions$BuiltAction.perform(Actions.java:567)
at org.openqa.selenium.interactions.Actions.perform(Actions.java:536)
at sharespace.T63_bookmark_file_partnerspace.s1_bookmark_file_partnerspace(T63_bookmark_file_partnerspace.java:55)
at java.base/java.util.ArrayList.forEach(ArrayList.java:1511)
Suppressed: org.openqa.selenium.json.JsonException: Attempting to close incomplete json stream
Build info: version: '4.8.1', revision: '8ebccac989'
System info: os.name: 'Linux', os.arch: 'amd64', os.version: '5.15.0-138-generic', java.version: '17.0.5'
Driver info: driver.version: RemoteWebDriver
at org.openqa.selenium.json.JsonOutput.close(JsonOutput.java:303)
at org.openqa.selenium.json.Json.toJson(Json.java:40)
... 38 more
at org.openqa.selenium.json.JsonOutput.convertUsingMethod(JsonOutput.java:358)
... 59 more
Caused by: org.openqa.selenium.NoSuchElementException: no such element: Unable to locate element: {"method":"xpath","selector":"//*[@id="grid_mybookmark_list"]/div[2]/table/tbody/tr[5]/td[2]"}
  (Session info: chrome=120.0.6099.109)
For documentation on this error, please visit: https://selenium.dev/exceptions/#no_such_element
Build info: version: '4.8.1', revision: '8ebccac989'
System info: os.name: 'Linux', os.arch: 'amd64', os.version: '5.15.0-138-generic', java.version: '17.0.5'
Driver info: org.openqa.selenium.chrome.ChromeDriver
Command: [e60ec99669e600304172c33a6a37770e, findElement {using=xpath, value=//*[@id="grid_mybookmark_list"]/div[2]/table/tbody/tr[5]/td[2]}]
Capabilities {acceptInsecureCerts: false, browserName: chrome, browserVersion: 120.0.6099.109, chrome: {chromedriverVersion: 120.0.6099.109 (3419140ab66..., userDataDir: /tmp/.org.chromium.Chromium...}, fedcm:accounts: true, goog:chromeOptions: {debuggerAddress: localhost:42429}, networkConnectionEnabled: false, pageLoadStrategy: normal, platformName: LINUX, proxy: Proxy(), se:cdp: ws://localhost:42429/devtoo..., se:cdpVersion: 120.0.6099.109, setWindowRect: true, strictFileInteractability: false, timeouts: {implicit: 0, pageLoad: 300000, script: 30000}, unhandledPromptBehavior: dismiss and notify, webauthn:extension:credBlob: true, webauthn:extension:largeBlob: true, webauthn:extension:minPinLength: true, webauthn:extension:prf: true, webauthn:virtualAuthenticators: true}
Session ID: e60ec99669e600304172c33a6a37770e
at org.openqa.selenium.remote.codec.w3c.W3CHttpResponseCodec.createException(W3CHttpResponseCodec.java:200)
at org.openqa.selenium.remote.codec.w3c.W3CHttpResponseCodec.decode(W3CHttpResponseCodec.java:133)
at org.openqa.selenium.remote.codec.w3c.W3CHttpResponseCodec.decode(W3CHttpResponseCodec.java:53)
at org.openqa.selenium.remote.HttpCommandExecutor.execute(HttpCommandExecutor.java:184)
at org.openqa.selenium.remote.service.DriverCommandExecutor.invokeExecute(DriverCommandExecutor.java:167)
at org.openqa.selenium.remote.service.DriverCommandExecutor.execute(DriverCommandExecutor.java:142)
at org.openqa.selenium.remote.RemoteWebDriver.execute(RemoteWebDriver.java:543)
at org.openqa.selenium.remote.ElementLocation$ElementFinder$2.findElement(ElementLocation.java:162)
at org.openqa.selenium.remote.ElementLocation.findElement(ElementLocation.java:60)
at org.openqa.selenium.remote.RemoteWebDriver.findElement(RemoteWebDriver.java:352)
at org.openqa.selenium.remote.RemoteWebDriver.findElement(RemoteWebDriver.java:344)
at org.openqa.selenium.support.pagefactory.DefaultElementLocator.findElement(DefaultElementLocator.java:70)
at org.openqa.selenium.support.pagefactory.internal.LocatingElementHandler.invoke(LocatingElementHandler.java:39)
at jdk.proxy2/jdk.proxy2.$Proxy18.getWrappedElement(Unknown Source)
at org.openqa.selenium.interactions.PointerInput$Origin.asArg(PointerInput.java:269)
at org.openqa.selenium.interactions.PointerInput$Move.encode(PointerInput.java:218)
at org.openqa.selenium.interactions.Sequence.encode(Sequence.java:73)
at org.openqa.selenium.interactions.Sequence.toJson(Sequence.java:82)
... 63 more
... Removed 36 stack frames]]>
    </failure>
  </testcase> <!-- s1_bookmark_file_partnerspace -->
</testsuite> <!-- Test1 -->
