<?xml version="1.0" encoding="UTF-8"?>
<testng-results ignored="0" total="1" passed="1" failed="0" skipped="0">
  <reporter-output>
  </reporter-output>
  <suite started-at="2025-05-02T17:08:20 IST" name="Default suite" finished-at="2025-05-02T17:08:40 IST" duration-ms="19533">
    <groups>
    </groups>
    <test started-at="2025-05-02T17:08:20 IST" name="Default test" finished-at="2025-05-02T17:08:40 IST" duration-ms="19533">
      <class name="myfile.T21_file_rightclick_download">
        <test-method is-config="true" signature="launchbrowser()[pri:0, instance:myfile.T21_file_rightclick_download@4e31c3ec]" started-at="2025-05-02T17:08:20 IST" name="launchbrowser" finished-at="2025-05-02T17:08:24 IST" duration-ms="4055" status="PASS">
          <reporter-output>
          </reporter-output>
        </test-method> <!-- launchbrowser -->
        <test-method signature="s1_verify_download_onfile()[pri:0, instance:myfile.T21_file_rightclick_download@4e31c3ec]" started-at="2025-05-02T17:08:24 IST" name="s1_verify_download_onfile" finished-at="2025-05-02T17:08:40 IST" duration-ms="15159" status="PASS">
          <reporter-output>
          </reporter-output>
        </test-method> <!-- s1_verify_download_onfile -->
        <test-method is-config="true" signature="teardown()[pri:0, instance:myfile.T21_file_rightclick_download@4e31c3ec]" started-at="2025-05-02T17:08:40 IST" name="teardown" finished-at="2025-05-02T17:08:40 IST" duration-ms="138" status="PASS">
          <reporter-output>
          </reporter-output>
        </test-method> <!-- teardown -->
      </class> <!-- myfile.T21_file_rightclick_download -->
    </test> <!-- Default test -->
  </suite> <!-- Default suite -->
</testng-results>
